[2015-04-13 04:53:48] local.ERROR: exception 'InvalidArgumentException' with message 'Command "route" is not defined.

Did you mean one of these?
    route:cache
    route:clear
    route:list' in /home/psaunders/www/iserveu.ca/laravel/vendor/symfony/console/Symfony/Component/Console/Application.php:549
Stack trace:
#0 /home/psaunders/www/iserveu.ca/laravel/vendor/symfony/console/Symfony/Component/Console/Application.php(192): Symfony\Component\Console\Application->find('route')
#1 /home/psaunders/www/iserveu.ca/laravel/vendor/symfony/console/Symfony/Component/Console/Application.php(126): Symfony\Component\Console\Application->doRun(Object(Symfony\Component\Console\Input\ArgvInput), Object(Symfony\Component\Console\Output\ConsoleOutput))
#2 /home/psaunders/www/iserveu.ca/laravel/vendor/laravel/framework/src/Illuminate/Foundation/Console/Kernel.php(94): Symfony\Component\Console\Application->run(Object(Symfony\Component\Console\Input\ArgvInput), Object(Symfony\Component\Console\Output\ConsoleOutput))
#3 /home/psaunders/www/iserveu.ca/laravel/artisan(36): Illuminate\Foundation\Console\Kernel->handle(Object(Symfony\Component\Console\Input\ArgvInput), Object(Symfony\Component\Console\Output\ConsoleOutput))
#4 {main}  
[2015-04-13 04:53:52] local.ERROR: exception 'ReflectionException' with message 'Class App\Http\Controllers\BlockController does not exist' in /home/psaunders/www/iserveu.ca/laravel/vendor/laravel/framework/src/Illuminate/Container/Container.php:776
Stack trace:
#0 /home/psaunders/www/iserveu.ca/laravel/vendor/laravel/framework/src/Illuminate/Container/Container.php(776): ReflectionClass->__construct('App\Http\Contro...')
#1 /home/psaunders/www/iserveu.ca/laravel/vendor/laravel/framework/src/Illuminate/Container/Container.php(656): Illuminate\Container\Container->build('App\Http\Contro...', Array)
#2 /home/psaunders/www/iserveu.ca/laravel/vendor/laravel/framework/src/Illuminate/Foundation/Application.php(631): Illuminate\Container\Container->make('App\Http\Contro...', Array)
#3 /home/psaunders/www/iserveu.ca/laravel/vendor/laravel/framework/src/Illuminate/Foundation/Console/RouteListCommand.php(161): Illuminate\Foundation\Application->make('App\Http\Contro...')
#4 /home/psaunders/www/iserveu.ca/laravel/vendor/laravel/framework/src/Illuminate/Foundation/Console/RouteListCommand.php(142): Illuminate\Foundation\Console\RouteListCommand->getControllerMiddleware('App\Http\Contro...')
#5 /home/psaunders/www/iserveu.ca/laravel/vendor/laravel/framework/src/Illuminate/Foundation/Console/RouteListCommand.php(109): Illuminate\Foundation\Console\RouteListCommand->getMiddleware(Object(Illuminate\Routing\Route))
#6 /home/psaunders/www/iserveu.ca/laravel/vendor/laravel/framework/src/Illuminate/Foundation/Console/RouteListCommand.php(89): Illuminate\Foundation\Console\RouteListCommand->getRouteInformation(Object(Illuminate\Routing\Route))
#7 /home/psaunders/www/iserveu.ca/laravel/vendor/laravel/framework/src/Illuminate/Foundation/Console/RouteListCommand.php(75): Illuminate\Foundation\Console\RouteListCommand->getRoutes()
#8 [internal function]: Illuminate\Foundation\Console\RouteListCommand->fire()
#9 /home/psaunders/www/iserveu.ca/laravel/vendor/laravel/framework/src/Illuminate/Container/Container.php(523): call_user_func_array(Array, Array)
#10 /home/psaunders/www/iserveu.ca/laravel/vendor/laravel/framework/src/Illuminate/Console/Command.php(115): Illuminate\Container\Container->call(Array)
#11 /home/psaunders/www/iserveu.ca/laravel/vendor/symfony/console/Symfony/Component/Console/Command/Command.php(257): Illuminate\Console\Command->execute(Object(Symfony\Component\Console\Input\ArgvInput), Object(Symfony\Component\Console\Output\ConsoleOutput))
#12 /home/psaunders/www/iserveu.ca/laravel/vendor/laravel/framework/src/Illuminate/Console/Command.php(101): Symfony\Component\Console\Command\Command->run(Object(Symfony\Component\Console\Input\ArgvInput), Object(Symfony\Component\Console\Output\ConsoleOutput))
#13 /home/psaunders/www/iserveu.ca/laravel/vendor/symfony/console/Symfony/Component/Console/Application.php(874): Illuminate\Console\Command->run(Object(Symfony\Component\Console\Input\ArgvInput), Object(Symfony\Component\Console\Output\ConsoleOutput))
#14 /home/psaunders/www/iserveu.ca/laravel/vendor/symfony/console/Symfony/Component/Console/Application.php(195): Symfony\Component\Console\Application->doRunCommand(Object(Illuminate\Foundation\Console\RouteListCommand), Object(Symfony\Component\Console\Input\ArgvInput), Object(Symfony\Component\Console\Output\ConsoleOutput))
#15 /home/psaunders/www/iserveu.ca/laravel/vendor/symfony/console/Symfony/Component/Console/Application.php(126): Symfony\Component\Console\Application->doRun(Object(Symfony\Component\Console\Input\ArgvInput), Object(Symfony\Component\Console\Output\ConsoleOutput))
#16 /home/psaunders/www/iserveu.ca/laravel/vendor/laravel/framework/src/Illuminate/Foundation/Console/Kernel.php(94): Symfony\Component\Console\Application->run(Object(Symfony\Component\Console\Input\ArgvInput), Object(Symfony\Component\Console\Output\ConsoleOutput))
#17 /home/psaunders/www/iserveu.ca/laravel/artisan(36): Illuminate\Foundation\Console\Kernel->handle(Object(Symfony\Component\Console\Input\ArgvInput), Object(Symfony\Component\Console\Output\ConsoleOutput))
#18 {main}  
[2015-04-13 04:54:53] local.ERROR: exception 'ReflectionException' with message 'Class App\Http\Controllers\BlockController does not exist' in /home/psaunders/www/iserveu.ca/laravel/vendor/laravel/framework/src/Illuminate/Container/Container.php:776
Stack trace:
#0 /home/psaunders/www/iserveu.ca/laravel/vendor/laravel/framework/src/Illuminate/Container/Container.php(776): ReflectionClass->__construct('App\Http\Contro...')
#1 /home/psaunders/www/iserveu.ca/laravel/vendor/laravel/framework/src/Illuminate/Container/Container.php(656): Illuminate\Container\Container->build('App\Http\Contro...', Array)
#2 /home/psaunders/www/iserveu.ca/laravel/vendor/laravel/framework/src/Illuminate/Foundation/Application.php(631): Illuminate\Container\Container->make('App\Http\Contro...', Array)
#3 /home/psaunders/www/iserveu.ca/laravel/vendor/laravel/framework/src/Illuminate/Foundation/Console/RouteListCommand.php(161): Illuminate\Foundation\Application->make('App\Http\Contro...')
#4 /home/psaunders/www/iserveu.ca/laravel/vendor/laravel/framework/src/Illuminate/Foundation/Console/RouteListCommand.php(142): Illuminate\Foundation\Console\RouteListCommand->getControllerMiddleware('App\Http\Contro...')
#5 /home/psaunders/www/iserveu.ca/laravel/vendor/laravel/framework/src/Illuminate/Foundation/Console/RouteListCommand.php(109): Illuminate\Foundation\Console\RouteListCommand->getMiddleware(Object(Illuminate\Routing\Route))
#6 /home/psaunders/www/iserveu.ca/laravel/vendor/laravel/framework/src/Illuminate/Foundation/Console/RouteListCommand.php(89): Illuminate\Foundation\Console\RouteListCommand->getRouteInformation(Object(Illuminate\Routing\Route))
#7 /home/psaunders/www/iserveu.ca/laravel/vendor/laravel/framework/src/Illuminate/Foundation/Console/RouteListCommand.php(75): Illuminate\Foundation\Console\RouteListCommand->getRoutes()
#8 [internal function]: Illuminate\Foundation\Console\RouteListCommand->fire()
#9 /home/psaunders/www/iserveu.ca/laravel/vendor/laravel/framework/src/Illuminate/Container/Container.php(523): call_user_func_array(Array, Array)
#10 /home/psaunders/www/iserveu.ca/laravel/vendor/laravel/framework/src/Illuminate/Console/Command.php(115): Illuminate\Container\Container->call(Array)
#11 /home/psaunders/www/iserveu.ca/laravel/vendor/symfony/console/Symfony/Component/Console/Command/Command.php(257): Illuminate\Console\Command->execute(Object(Symfony\Component\Console\Input\ArgvInput), Object(Symfony\Component\Console\Output\ConsoleOutput))
#12 /home/psaunders/www/iserveu.ca/laravel/vendor/laravel/framework/src/Illuminate/Console/Command.php(101): Symfony\Component\Console\Command\Command->run(Object(Symfony\Component\Console\Input\ArgvInput), Object(Symfony\Component\Console\Output\ConsoleOutput))
#13 /home/psaunders/www/iserveu.ca/laravel/vendor/symfony/console/Symfony/Component/Console/Application.php(874): Illuminate\Console\Command->run(Object(Symfony\Component\Console\Input\ArgvInput), Object(Symfony\Component\Console\Output\ConsoleOutput))
#14 /home/psaunders/www/iserveu.ca/laravel/vendor/symfony/console/Symfony/Component/Console/Application.php(195): Symfony\Component\Console\Application->doRunCommand(Object(Illuminate\Foundation\Console\RouteListCommand), Object(Symfony\Component\Console\Input\ArgvInput), Object(Symfony\Component\Console\Output\ConsoleOutput))
#15 /home/psaunders/www/iserveu.ca/laravel/vendor/symfony/console/Symfony/Component/Console/Application.php(126): Symfony\Component\Console\Application->doRun(Object(Symfony\Component\Console\Input\ArgvInput), Object(Symfony\Component\Console\Output\ConsoleOutput))
#16 /home/psaunders/www/iserveu.ca/laravel/vendor/laravel/framework/src/Illuminate/Foundation/Console/Kernel.php(94): Symfony\Component\Console\Application->run(Object(Symfony\Component\Console\Input\ArgvInput), Object(Symfony\Component\Console\Output\ConsoleOutput))
#17 /home/psaunders/www/iserveu.ca/laravel/artisan(36): Illuminate\Foundation\Console\Kernel->handle(Object(Symfony\Component\Console\Input\ArgvInput), Object(Symfony\Component\Console\Output\ConsoleOutput))
#18 {main}  
[2015-04-13 04:55:08] local.ERROR: exception 'ReflectionException' with message 'Class App\Http\Controllers\BlockController does not exist' in /home/psaunders/www/iserveu.ca/laravel/vendor/laravel/framework/src/Illuminate/Container/Container.php:776
Stack trace:
#0 /home/psaunders/www/iserveu.ca/laravel/vendor/laravel/framework/src/Illuminate/Container/Container.php(776): ReflectionClass->__construct('App\Http\Contro...')
#1 /home/psaunders/www/iserveu.ca/laravel/vendor/laravel/framework/src/Illuminate/Container/Container.php(656): Illuminate\Container\Container->build('App\Http\Contro...', Array)
#2 /home/psaunders/www/iserveu.ca/laravel/vendor/laravel/framework/src/Illuminate/Foundation/Application.php(631): Illuminate\Container\Container->make('App\Http\Contro...', Array)
#3 /home/psaunders/www/iserveu.ca/laravel/vendor/laravel/framework/src/Illuminate/Foundation/Console/RouteListCommand.php(161): Illuminate\Foundation\Application->make('App\Http\Contro...')
#4 /home/psaunders/www/iserveu.ca/laravel/vendor/laravel/framework/src/Illuminate/Foundation/Console/RouteListCommand.php(142): Illuminate\Foundation\Console\RouteListCommand->getControllerMiddleware('App\Http\Contro...')
#5 /home/psaunders/www/iserveu.ca/laravel/vendor/laravel/framework/src/Illuminate/Foundation/Console/RouteListCommand.php(109): Illuminate\Foundation\Console\RouteListCommand->getMiddleware(Object(Illuminate\Routing\Route))
#6 /home/psaunders/www/iserveu.ca/laravel/vendor/laravel/framework/src/Illuminate/Foundation/Console/RouteListCommand.php(89): Illuminate\Foundation\Console\RouteListCommand->getRouteInformation(Object(Illuminate\Routing\Route))
#7 /home/psaunders/www/iserveu.ca/laravel/vendor/laravel/framework/src/Illuminate/Foundation/Console/RouteListCommand.php(75): Illuminate\Foundation\Console\RouteListCommand->getRoutes()
#8 [internal function]: Illuminate\Foundation\Console\RouteListCommand->fire()
#9 /home/psaunders/www/iserveu.ca/laravel/vendor/laravel/framework/src/Illuminate/Container/Container.php(523): call_user_func_array(Array, Array)
#10 /home/psaunders/www/iserveu.ca/laravel/vendor/laravel/framework/src/Illuminate/Console/Command.php(115): Illuminate\Container\Container->call(Array)
#11 /home/psaunders/www/iserveu.ca/laravel/vendor/symfony/console/Symfony/Component/Console/Command/Command.php(257): Illuminate\Console\Command->execute(Object(Symfony\Component\Console\Input\ArgvInput), Object(Symfony\Component\Console\Output\ConsoleOutput))
#12 /home/psaunders/www/iserveu.ca/laravel/vendor/laravel/framework/src/Illuminate/Console/Command.php(101): Symfony\Component\Console\Command\Command->run(Object(Symfony\Component\Console\Input\ArgvInput), Object(Symfony\Component\Console\Output\ConsoleOutput))
#13 /home/psaunders/www/iserveu.ca/laravel/vendor/symfony/console/Symfony/Component/Console/Application.php(874): Illuminate\Console\Command->run(Object(Symfony\Component\Console\Input\ArgvInput), Object(Symfony\Component\Console\Output\ConsoleOutput))
#14 /home/psaunders/www/iserveu.ca/laravel/vendor/symfony/console/Symfony/Component/Console/Application.php(195): Symfony\Component\Console\Application->doRunCommand(Object(Illuminate\Foundation\Console\RouteListCommand), Object(Symfony\Component\Console\Input\ArgvInput), Object(Symfony\Component\Console\Output\ConsoleOutput))
#15 /home/psaunders/www/iserveu.ca/laravel/vendor/symfony/console/Symfony/Component/Console/Application.php(126): Symfony\Component\Console\Application->doRun(Object(Symfony\Component\Console\Input\ArgvInput), Object(Symfony\Component\Console\Output\ConsoleOutput))
#16 /home/psaunders/www/iserveu.ca/laravel/vendor/laravel/framework/src/Illuminate/Foundation/Console/Kernel.php(94): Symfony\Component\Console\Application->run(Object(Symfony\Component\Console\Input\ArgvInput), Object(Symfony\Component\Console\Output\ConsoleOutput))
#17 /home/psaunders/www/iserveu.ca/laravel/artisan(36): Illuminate\Foundation\Console\Kernel->handle(Object(Symfony\Component\Console\Input\ArgvInput), Object(Symfony\Component\Console\Output\ConsoleOutput))
#18 {main}  
[2015-04-13 04:56:10] local.ERROR: exception 'ReflectionException' with message 'Class App\Http\Controllers\BlockController does not exist' in /home/psaunders/www/iserveu.ca/laravel/vendor/laravel/framework/src/Illuminate/Container/Container.php:776
Stack trace:
#0 /home/psaunders/www/iserveu.ca/laravel/vendor/laravel/framework/src/Illuminate/Container/Container.php(776): ReflectionClass->__construct('App\Http\Contro...')
#1 /home/psaunders/www/iserveu.ca/laravel/vendor/laravel/framework/src/Illuminate/Container/Container.php(656): Illuminate\Container\Container->build('App\Http\Contro...', Array)
#2 /home/psaunders/www/iserveu.ca/laravel/vendor/laravel/framework/src/Illuminate/Foundation/Application.php(631): Illuminate\Container\Container->make('App\Http\Contro...', Array)
#3 /home/psaunders/www/iserveu.ca/laravel/vendor/laravel/framework/src/Illuminate/Foundation/Console/RouteListCommand.php(161): Illuminate\Foundation\Application->make('App\Http\Contro...')
#4 /home/psaunders/www/iserveu.ca/laravel/vendor/laravel/framework/src/Illuminate/Foundation/Console/RouteListCommand.php(142): Illuminate\Foundation\Console\RouteListCommand->getControllerMiddleware('App\Http\Contro...')
#5 /home/psaunders/www/iserveu.ca/laravel/vendor/laravel/framework/src/Illuminate/Foundation/Console/RouteListCommand.php(109): Illuminate\Foundation\Console\RouteListCommand->getMiddleware(Object(Illuminate\Routing\Route))
#6 /home/psaunders/www/iserveu.ca/laravel/vendor/laravel/framework/src/Illuminate/Foundation/Console/RouteListCommand.php(89): Illuminate\Foundation\Console\RouteListCommand->getRouteInformation(Object(Illuminate\Routing\Route))
#7 /home/psaunders/www/iserveu.ca/laravel/vendor/laravel/framework/src/Illuminate/Foundation/Console/RouteListCommand.php(75): Illuminate\Foundation\Console\RouteListCommand->getRoutes()
#8 [internal function]: Illuminate\Foundation\Console\RouteListCommand->fire()
#9 /home/psaunders/www/iserveu.ca/laravel/vendor/laravel/framework/src/Illuminate/Container/Container.php(523): call_user_func_array(Array, Array)
#10 /home/psaunders/www/iserveu.ca/laravel/vendor/laravel/framework/src/Illuminate/Console/Command.php(115): Illuminate\Container\Container->call(Array)
#11 /home/psaunders/www/iserveu.ca/laravel/vendor/symfony/console/Symfony/Component/Console/Command/Command.php(257): Illuminate\Console\Command->execute(Object(Symfony\Component\Console\Input\ArgvInput), Object(Symfony\Component\Console\Output\ConsoleOutput))
#12 /home/psaunders/www/iserveu.ca/laravel/vendor/laravel/framework/src/Illuminate/Console/Command.php(101): Symfony\Component\Console\Command\Command->run(Object(Symfony\Component\Console\Input\ArgvInput), Object(Symfony\Component\Console\Output\ConsoleOutput))
#13 /home/psaunders/www/iserveu.ca/laravel/vendor/symfony/console/Symfony/Component/Console/Application.php(874): Illuminate\Console\Command->run(Object(Symfony\Component\Console\Input\ArgvInput), Object(Symfony\Component\Console\Output\ConsoleOutput))
#14 /home/psaunders/www/iserveu.ca/laravel/vendor/symfony/console/Symfony/Component/Console/Application.php(195): Symfony\Component\Console\Application->doRunCommand(Object(Illuminate\Foundation\Console\RouteListCommand), Object(Symfony\Component\Console\Input\ArgvInput), Object(Symfony\Component\Console\Output\ConsoleOutput))
#15 /home/psaunders/www/iserveu.ca/laravel/vendor/symfony/console/Symfony/Component/Console/Application.php(126): Symfony\Component\Console\Application->doRun(Object(Symfony\Component\Console\Input\ArgvInput), Object(Symfony\Component\Console\Output\ConsoleOutput))
#16 /home/psaunders/www/iserveu.ca/laravel/vendor/laravel/framework/src/Illuminate/Foundation/Console/Kernel.php(94): Symfony\Component\Console\Application->run(Object(Symfony\Component\Console\Input\ArgvInput), Object(Symfony\Component\Console\Output\ConsoleOutput))
#17 /home/psaunders/www/iserveu.ca/laravel/artisan(36): Illuminate\Foundation\Console\Kernel->handle(Object(Symfony\Component\Console\Input\ArgvInput), Object(Symfony\Component\Console\Output\ConsoleOutput))
#18 {main}  
[2015-04-13 05:00:01] local.ERROR: exception 'ReflectionException' with message 'Class App\Http\Controllers\BlockController does not exist' in /home/psaunders/www/iserveu.ca/laravel/vendor/laravel/framework/src/Illuminate/Container/Container.php:776
Stack trace:
#0 /home/psaunders/www/iserveu.ca/laravel/vendor/laravel/framework/src/Illuminate/Container/Container.php(776): ReflectionClass->__construct('App\Http\Contro...')
#1 /home/psaunders/www/iserveu.ca/laravel/vendor/laravel/framework/src/Illuminate/Container/Container.php(656): Illuminate\Container\Container->build('App\Http\Contro...', Array)
#2 /home/psaunders/www/iserveu.ca/laravel/vendor/laravel/framework/src/Illuminate/Foundation/Application.php(631): Illuminate\Container\Container->make('App\Http\Contro...', Array)
#3 /home/psaunders/www/iserveu.ca/laravel/vendor/laravel/framework/src/Illuminate/Foundation/Console/RouteListCommand.php(161): Illuminate\Foundation\Application->make('App\Http\Contro...')
#4 /home/psaunders/www/iserveu.ca/laravel/vendor/laravel/framework/src/Illuminate/Foundation/Console/RouteListCommand.php(142): Illuminate\Foundation\Console\RouteListCommand->getControllerMiddleware('App\Http\Contro...')
#5 /home/psaunders/www/iserveu.ca/laravel/vendor/laravel/framework/src/Illuminate/Foundation/Console/RouteListCommand.php(109): Illuminate\Foundation\Console\RouteListCommand->getMiddleware(Object(Illuminate\Routing\Route))
#6 /home/psaunders/www/iserveu.ca/laravel/vendor/laravel/framework/src/Illuminate/Foundation/Console/RouteListCommand.php(89): Illuminate\Foundation\Console\RouteListCommand->getRouteInformation(Object(Illuminate\Routing\Route))
#7 /home/psaunders/www/iserveu.ca/laravel/vendor/laravel/framework/src/Illuminate/Foundation/Console/RouteListCommand.php(75): Illuminate\Foundation\Console\RouteListCommand->getRoutes()
#8 [internal function]: Illuminate\Foundation\Console\RouteListCommand->fire()
#9 /home/psaunders/www/iserveu.ca/laravel/vendor/laravel/framework/src/Illuminate/Container/Container.php(523): call_user_func_array(Array, Array)
#10 /home/psaunders/www/iserveu.ca/laravel/vendor/laravel/framework/src/Illuminate/Console/Command.php(115): Illuminate\Container\Container->call(Array)
#11 /home/psaunders/www/iserveu.ca/laravel/vendor/symfony/console/Symfony/Component/Console/Command/Command.php(257): Illuminate\Console\Command->execute(Object(Symfony\Component\Console\Input\ArgvInput), Object(Symfony\Component\Console\Output\ConsoleOutput))
#12 /home/psaunders/www/iserveu.ca/laravel/vendor/laravel/framework/src/Illuminate/Console/Command.php(101): Symfony\Component\Console\Command\Command->run(Object(Symfony\Component\Console\Input\ArgvInput), Object(Symfony\Component\Console\Output\ConsoleOutput))
#13 /home/psaunders/www/iserveu.ca/laravel/vendor/symfony/console/Symfony/Component/Console/Application.php(874): Illuminate\Console\Command->run(Object(Symfony\Component\Console\Input\ArgvInput), Object(Symfony\Component\Console\Output\ConsoleOutput))
#14 /home/psaunders/www/iserveu.ca/laravel/vendor/symfony/console/Symfony/Component/Console/Application.php(195): Symfony\Component\Console\Application->doRunCommand(Object(Illuminate\Foundation\Console\RouteListCommand), Object(Symfony\Component\Console\Input\ArgvInput), Object(Symfony\Component\Console\Output\ConsoleOutput))
#15 /home/psaunders/www/iserveu.ca/laravel/vendor/symfony/console/Symfony/Component/Console/Application.php(126): Symfony\Component\Console\Application->doRun(Object(Symfony\Component\Console\Input\ArgvInput), Object(Symfony\Component\Console\Output\ConsoleOutput))
#16 /home/psaunders/www/iserveu.ca/laravel/vendor/laravel/framework/src/Illuminate/Foundation/Console/Kernel.php(94): Symfony\Component\Console\Application->run(Object(Symfony\Component\Console\Input\ArgvInput), Object(Symfony\Component\Console\Output\ConsoleOutput))
#17 /home/psaunders/www/iserveu.ca/laravel/artisan(36): Illuminate\Foundation\Console\Kernel->handle(Object(Symfony\Component\Console\Input\ArgvInput), Object(Symfony\Component\Console\Output\ConsoleOutput))
#18 {main}  
[2015-04-13 05:01:01] local.ERROR: exception 'InvalidArgumentException' with message 'Command "routes" is not defined.

Did you mean one of these?
    route:list
    route:clear
    route:cache' in /home/psaunders/www/iserveu.ca/laravel/vendor/symfony/console/Symfony/Component/Console/Application.php:549
Stack trace:
#0 /home/psaunders/www/iserveu.ca/laravel/vendor/symfony/console/Symfony/Component/Console/Application.php(192): Symfony\Component\Console\Application->find('routes')
#1 /home/psaunders/www/iserveu.ca/laravel/vendor/symfony/console/Symfony/Component/Console/Application.php(126): Symfony\Component\Console\Application->doRun(Object(Symfony\Component\Console\Input\ArgvInput), Object(Symfony\Component\Console\Output\ConsoleOutput))
#2 /home/psaunders/www/iserveu.ca/laravel/vendor/laravel/framework/src/Illuminate/Foundation/Console/Kernel.php(94): Symfony\Component\Console\Application->run(Object(Symfony\Component\Console\Input\ArgvInput), Object(Symfony\Component\Console\Output\ConsoleOutput))
#3 /home/psaunders/www/iserveu.ca/laravel/artisan(36): Illuminate\Foundation\Console\Kernel->handle(Object(Symfony\Component\Console\Input\ArgvInput), Object(Symfony\Component\Console\Output\ConsoleOutput))
#4 {main}  
[2015-04-13 05:33:58] local.ERROR: exception 'Symfony\Component\Debug\Exception\FatalErrorException' with message 'Class 'Zizaco\Entrust\EntrustServiceProvider' not found' in /home/psaunders/www/iserveu.ca/laravel/vendor/laravel/framework/src/Illuminate/Foundation/ProviderRepository.php:150
Stack trace:
#0 {main}  
[2015-04-13 05:34:12] local.ERROR: exception 'Symfony\Component\Debug\Exception\FatalErrorException' with message 'Class 'Zizaco\Entrust\EntrustServiceProvider' not found' in /home/psaunders/www/iserveu.ca/laravel/vendor/laravel/framework/src/Illuminate/Foundation/ProviderRepository.php:150
Stack trace:
#0 {main}  
[2015-04-13 05:34:29] local.ERROR: exception 'Symfony\Component\Debug\Exception\FatalErrorException' with message 'Class 'Zizaco\Entrust\EntrustServiceProvider' not found' in /home/psaunders/www/iserveu.ca/laravel/vendor/laravel/framework/src/Illuminate/Foundation/ProviderRepository.php:150
Stack trace:
#0 {main}  
[2015-04-13 05:38:11] local.ERROR: exception 'PDOException' with message 'SQLSTATE[42S01]: Base table or view already exists: 1050 Table 'roles' already exists' in /home/psaunders/www/iserveu.ca/laravel/vendor/laravel/framework/src/Illuminate/Database/Connection.php:358
Stack trace:
#0 /home/psaunders/www/iserveu.ca/laravel/vendor/laravel/framework/src/Illuminate/Database/Connection.php(358): PDOStatement->execute(Array)
#1 /home/psaunders/www/iserveu.ca/laravel/vendor/laravel/framework/src/Illuminate/Database/Connection.php(612): Illuminate\Database\Connection->Illuminate\Database\{closure}(Object(Illuminate\Database\MySqlConnection), 'create table `r...', Array)
#2 /home/psaunders/www/iserveu.ca/laravel/vendor/laravel/framework/src/Illuminate/Database/Connection.php(576): Illuminate\Database\Connection->runQueryCallback('create table `r...', Array, Object(Closure))
#3 /home/psaunders/www/iserveu.ca/laravel/vendor/laravel/framework/src/Illuminate/Database/Connection.php(359): Illuminate\Database\Connection->run('create table `r...', Array, Object(Closure))
#4 /home/psaunders/www/iserveu.ca/laravel/vendor/laravel/framework/src/Illuminate/Database/Schema/Blueprint.php(63): Illuminate\Database\Connection->statement('create table `r...')
#5 /home/psaunders/www/iserveu.ca/laravel/vendor/laravel/framework/src/Illuminate/Database/Schema/Builder.php(169): Illuminate\Database\Schema\Blueprint->build(Object(Illuminate\Database\MySqlConnection), Object(Illuminate\Database\Schema\Grammars\MySqlGrammar))
#6 /home/psaunders/www/iserveu.ca/laravel/vendor/laravel/framework/src/Illuminate/Database/Schema/Builder.php(112): Illuminate\Database\Schema\Builder->build(Object(Illuminate\Database\Schema\Blueprint))
#7 /home/psaunders/www/iserveu.ca/laravel/vendor/laravel/framework/src/Illuminate/Support/Facades/Facade.php(213): Illuminate\Database\Schema\Builder->create('roles', Object(Closure))
#8 /home/psaunders/www/iserveu.ca/laravel/database/migrations/2015_04_13_053748_entrust_setup_tables.php(21): Illuminate\Support\Facades\Facade::__callStatic('create', Array)
#9 /home/psaunders/www/iserveu.ca/laravel/database/migrations/2015_04_13_053748_entrust_setup_tables.php(21): Illuminate\Support\Facades\Schema::create('roles', Object(Closure))
#10 /home/psaunders/www/iserveu.ca/laravel/vendor/laravel/framework/src/Illuminate/Database/Migrations/Migrator.php(135): EntrustSetupTables->up()
#11 /home/psaunders/www/iserveu.ca/laravel/vendor/laravel/framework/src/Illuminate/Database/Migrations/Migrator.php(111): Illuminate\Database\Migrations\Migrator->runUp('2015_04_13_0537...', 2, false)
#12 /home/psaunders/www/iserveu.ca/laravel/vendor/laravel/framework/src/Illuminate/Database/Migrations/Migrator.php(82): Illuminate\Database\Migrations\Migrator->runMigrationList(Array, false)
#13 /home/psaunders/www/iserveu.ca/laravel/vendor/laravel/framework/src/Illuminate/Database/Console/Migrations/MigrateCommand.php(73): Illuminate\Database\Migrations\Migrator->run('/home/psaunders...', false)
#14 [internal function]: Illuminate\Database\Console\Migrations\MigrateCommand->fire()
#15 /home/psaunders/www/iserveu.ca/laravel/vendor/laravel/framework/src/Illuminate/Container/Container.php(523): call_user_func_array(Array, Array)
#16 /home/psaunders/www/iserveu.ca/laravel/vendor/laravel/framework/src/Illuminate/Console/Command.php(115): Illuminate\Container\Container->call(Array)
#17 /home/psaunders/www/iserveu.ca/laravel/vendor/symfony/console/Symfony/Component/Console/Command/Command.php(257): Illuminate\Console\Command->execute(Object(Symfony\Component\Console\Input\ArgvInput), Object(Symfony\Component\Console\Output\ConsoleOutput))
#18 /home/psaunders/www/iserveu.ca/laravel/vendor/laravel/framework/src/Illuminate/Console/Command.php(101): Symfony\Component\Console\Command\Command->run(Object(Symfony\Component\Console\Input\ArgvInput), Object(Symfony\Component\Console\Output\ConsoleOutput))
#19 /home/psaunders/www/iserveu.ca/laravel/vendor/symfony/console/Symfony/Component/Console/Application.php(874): Illuminate\Console\Command->run(Object(Symfony\Component\Console\Input\ArgvInput), Object(Symfony\Component\Console\Output\ConsoleOutput))
#20 /home/psaunders/www/iserveu.ca/laravel/vendor/symfony/console/Symfony/Component/Console/Application.php(195): Symfony\Component\Console\Application->doRunCommand(Object(Illuminate\Database\Console\Migrations\MigrateCommand), Object(Symfony\Component\Console\Input\ArgvInput), Object(Symfony\Component\Console\Output\ConsoleOutput))
#21 /home/psaunders/www/iserveu.ca/laravel/vendor/symfony/console/Symfony/Component/Console/Application.php(126): Symfony\Component\Console\Application->doRun(Object(Symfony\Component\Console\Input\ArgvInput), Object(Symfony\Component\Console\Output\ConsoleOutput))
#22 /home/psaunders/www/iserveu.ca/laravel/vendor/laravel/framework/src/Illuminate/Foundation/Console/Kernel.php(94): Symfony\Component\Console\Application->run(Object(Symfony\Component\Console\Input\ArgvInput), Object(Symfony\Component\Console\Output\ConsoleOutput))
#23 /home/psaunders/www/iserveu.ca/laravel/artisan(36): Illuminate\Foundation\Console\Kernel->handle(Object(Symfony\Component\Console\Input\ArgvInput), Object(Symfony\Component\Console\Output\ConsoleOutput))
#24 {main}

Next exception 'Illuminate\Database\QueryException' with message 'SQLSTATE[42S01]: Base table or view already exists: 1050 Table 'roles' already exists (SQL: create table `roles` (`id` int unsigned not null auto_increment primary key, `name` varchar(255) not null, `display_name` varchar(255) null, `description` varchar(255) null, `created_at` timestamp default 0 not null, `updated_at` timestamp default 0 not null) default character set utf8 collate utf8_unicode_ci)' in /home/psaunders/www/iserveu.ca/laravel/vendor/laravel/framework/src/Illuminate/Database/Connection.php:620
Stack trace:
#0 /home/psaunders/www/iserveu.ca/laravel/vendor/laravel/framework/src/Illuminate/Database/Connection.php(576): Illuminate\Database\Connection->runQueryCallback('create table `r...', Array, Object(Closure))
#1 /home/psaunders/www/iserveu.ca/laravel/vendor/laravel/framework/src/Illuminate/Database/Connection.php(359): Illuminate\Database\Connection->run('create table `r...', Array, Object(Closure))
#2 /home/psaunders/www/iserveu.ca/laravel/vendor/laravel/framework/src/Illuminate/Database/Schema/Blueprint.php(63): Illuminate\Database\Connection->statement('create table `r...')
#3 /home/psaunders/www/iserveu.ca/laravel/vendor/laravel/framework/src/Illuminate/Database/Schema/Builder.php(169): Illuminate\Database\Schema\Blueprint->build(Object(Illuminate\Database\MySqlConnection), Object(Illuminate\Database\Schema\Grammars\MySqlGrammar))
#4 /home/psaunders/www/iserveu.ca/laravel/vendor/laravel/framework/src/Illuminate/Database/Schema/Builder.php(112): Illuminate\Database\Schema\Builder->build(Object(Illuminate\Database\Schema\Blueprint))
#5 /home/psaunders/www/iserveu.ca/laravel/vendor/laravel/framework/src/Illuminate/Support/Facades/Facade.php(213): Illuminate\Database\Schema\Builder->create('roles', Object(Closure))
#6 /home/psaunders/www/iserveu.ca/laravel/database/migrations/2015_04_13_053748_entrust_setup_tables.php(21): Illuminate\Support\Facades\Facade::__callStatic('create', Array)
#7 /home/psaunders/www/iserveu.ca/laravel/database/migrations/2015_04_13_053748_entrust_setup_tables.php(21): Illuminate\Support\Facades\Schema::create('roles', Object(Closure))
#8 /home/psaunders/www/iserveu.ca/laravel/vendor/laravel/framework/src/Illuminate/Database/Migrations/Migrator.php(135): EntrustSetupTables->up()
#9 /home/psaunders/www/iserveu.ca/laravel/vendor/laravel/framework/src/Illuminate/Database/Migrations/Migrator.php(111): Illuminate\Database\Migrations\Migrator->runUp('2015_04_13_0537...', 2, false)
#10 /home/psaunders/www/iserveu.ca/laravel/vendor/laravel/framework/src/Illuminate/Database/Migrations/Migrator.php(82): Illuminate\Database\Migrations\Migrator->runMigrationList(Array, false)
#11 /home/psaunders/www/iserveu.ca/laravel/vendor/laravel/framework/src/Illuminate/Database/Console/Migrations/MigrateCommand.php(73): Illuminate\Database\Migrations\Migrator->run('/home/psaunders...', false)
#12 [internal function]: Illuminate\Database\Console\Migrations\MigrateCommand->fire()
#13 /home/psaunders/www/iserveu.ca/laravel/vendor/laravel/framework/src/Illuminate/Container/Container.php(523): call_user_func_array(Array, Array)
#14 /home/psaunders/www/iserveu.ca/laravel/vendor/laravel/framework/src/Illuminate/Console/Command.php(115): Illuminate\Container\Container->call(Array)
#15 /home/psaunders/www/iserveu.ca/laravel/vendor/symfony/console/Symfony/Component/Console/Command/Command.php(257): Illuminate\Console\Command->execute(Object(Symfony\Component\Console\Input\ArgvInput), Object(Symfony\Component\Console\Output\ConsoleOutput))
#16 /home/psaunders/www/iserveu.ca/laravel/vendor/laravel/framework/src/Illuminate/Console/Command.php(101): Symfony\Component\Console\Command\Command->run(Object(Symfony\Component\Console\Input\ArgvInput), Object(Symfony\Component\Console\Output\ConsoleOutput))
#17 /home/psaunders/www/iserveu.ca/laravel/vendor/symfony/console/Symfony/Component/Console/Application.php(874): Illuminate\Console\Command->run(Object(Symfony\Component\Console\Input\ArgvInput), Object(Symfony\Component\Console\Output\ConsoleOutput))
#18 /home/psaunders/www/iserveu.ca/laravel/vendor/symfony/console/Symfony/Component/Console/Application.php(195): Symfony\Component\Console\Application->doRunCommand(Object(Illuminate\Database\Console\Migrations\MigrateCommand), Object(Symfony\Component\Console\Input\ArgvInput), Object(Symfony\Component\Console\Output\ConsoleOutput))
#19 /home/psaunders/www/iserveu.ca/laravel/vendor/symfony/console/Symfony/Component/Console/Application.php(126): Symfony\Component\Console\Application->doRun(Object(Symfony\Component\Console\Input\ArgvInput), Object(Symfony\Component\Console\Output\ConsoleOutput))
#20 /home/psaunders/www/iserveu.ca/laravel/vendor/laravel/framework/src/Illuminate/Foundation/Console/Kernel.php(94): Symfony\Component\Console\Application->run(Object(Symfony\Component\Console\Input\ArgvInput), Object(Symfony\Component\Console\Output\ConsoleOutput))
#21 /home/psaunders/www/iserveu.ca/laravel/artisan(36): Illuminate\Foundation\Console\Kernel->handle(Object(Symfony\Component\Console\Input\ArgvInput), Object(Symfony\Component\Console\Output\ConsoleOutput))
#22 {main}  
[2015-04-13 06:01:31] local.ERROR: exception 'Symfony\Component\Debug\Exception\FatalErrorException' with message 'syntax error, unexpected '=', expecting identifier (T_STRING) or variable (T_VARIABLE) or '{' or '$'' in /home/psaunders/www/iserveu.ca/laravel/database/seeds/DatabaseSeeder.php:217
Stack trace:
#0 {main}  
[2015-04-13 06:01:56] local.ERROR: exception 'Symfony\Component\Debug\Exception\FatalErrorException' with message 'syntax error, unexpected '$editUser' (T_VARIABLE)' in /home/psaunders/www/iserveu.ca/laravel/database/seeds/DatabaseSeeder.php:219
Stack trace:
#0 {main}  
[2015-04-13 06:02:21] local.ERROR: exception 'Symfony\Component\Debug\Exception\FatalErrorException' with message 'syntax error, unexpected '}'' in /home/psaunders/www/iserveu.ca/laravel/database/seeds/DatabaseSeeder.php:257
Stack trace:
#0 {main}  
[2015-04-13 06:03:40] local.ERROR: exception 'Symfony\Component\Debug\Exception\FatalErrorException' with message 'Class 'Permission' not found' in /home/psaunders/www/iserveu.ca/laravel/database/seeds/DatabaseSeeder.php:216
Stack trace:
#0 {main}  
[2015-04-13 06:04:26] local.ERROR: exception 'PDOException' with message 'SQLSTATE[23000]: Integrity constraint violation: 1062 Duplicate entry 'administrator' for key 'roles_name_unique'' in /home/psaunders/www/iserveu.ca/laravel/vendor/laravel/framework/src/Illuminate/Database/Connection.php:358
Stack trace:
#0 /home/psaunders/www/iserveu.ca/laravel/vendor/laravel/framework/src/Illuminate/Database/Connection.php(358): PDOStatement->execute(Array)
#1 /home/psaunders/www/iserveu.ca/laravel/vendor/laravel/framework/src/Illuminate/Database/Connection.php(612): Illuminate\Database\Connection->Illuminate\Database\{closure}(Object(Illuminate\Database\MySqlConnection), 'insert into `ro...', Array)
#2 /home/psaunders/www/iserveu.ca/laravel/vendor/laravel/framework/src/Illuminate/Database/Connection.php(576): Illuminate\Database\Connection->runQueryCallback('insert into `ro...', Array, Object(Closure))
#3 /home/psaunders/www/iserveu.ca/laravel/vendor/laravel/framework/src/Illuminate/Database/Connection.php(359): Illuminate\Database\Connection->run('insert into `ro...', Array, Object(Closure))
#4 /home/psaunders/www/iserveu.ca/laravel/vendor/laravel/framework/src/Illuminate/Database/Connection.php(316): Illuminate\Database\Connection->statement('insert into `ro...', Array)
#5 /home/psaunders/www/iserveu.ca/laravel/vendor/laravel/framework/src/Illuminate/Database/Query/Processors/Processor.php(30): Illuminate\Database\Connection->insert('insert into `ro...', Array)
#6 /home/psaunders/www/iserveu.ca/laravel/vendor/laravel/framework/src/Illuminate/Database/Query/Builder.php(1718): Illuminate\Database\Query\Processors\Processor->processInsertGetId(Object(Illuminate\Database\Query\Builder), 'insert into `ro...', Array, 'id')
#7 [internal function]: Illuminate\Database\Query\Builder->insertGetId(Array, 'id')
#8 /home/psaunders/www/iserveu.ca/laravel/vendor/laravel/framework/src/Illuminate/Database/Eloquent/Builder.php(933): call_user_func_array(Array, Array)
#9 /home/psaunders/www/iserveu.ca/laravel/vendor/laravel/framework/src/Illuminate/Database/Eloquent/Model.php(1608): Illuminate\Database\Eloquent\Builder->__call('insertGetId', Array)
#10 /home/psaunders/www/iserveu.ca/laravel/vendor/laravel/framework/src/Illuminate/Database/Eloquent/Model.php(1608): Illuminate\Database\Eloquent\Builder->insertGetId(Array, 'id')
#11 /home/psaunders/www/iserveu.ca/laravel/vendor/laravel/framework/src/Illuminate/Database/Eloquent/Model.php(1578): Illuminate\Database\Eloquent\Model->insertAndSetId(Object(Illuminate\Database\Eloquent\Builder), Array)
#12 /home/psaunders/www/iserveu.ca/laravel/vendor/laravel/framework/src/Illuminate/Database/Eloquent/Model.php(1484): Illuminate\Database\Eloquent\Model->performInsert(Object(Illuminate\Database\Eloquent\Builder), Array)
#13 /home/psaunders/www/iserveu.ca/laravel/database/seeds/DatabaseSeeder.php(215): Illuminate\Database\Eloquent\Model->save()
#14 /home/psaunders/www/iserveu.ca/laravel/vendor/laravel/framework/src/Illuminate/Database/Seeder.php(37): DefaultUsers->run()
#15 /home/psaunders/www/iserveu.ca/laravel/database/seeds/DatabaseSeeder.php(44): Illuminate\Database\Seeder->call('DefaultUsers')
#16 /home/psaunders/www/iserveu.ca/laravel/vendor/laravel/framework/src/Illuminate/Database/Console/SeedCommand.php(57): DatabaseSeeder->run()
#17 [internal function]: Illuminate\Database\Console\SeedCommand->fire()
#18 /home/psaunders/www/iserveu.ca/laravel/vendor/laravel/framework/src/Illuminate/Container/Container.php(523): call_user_func_array(Array, Array)
#19 /home/psaunders/www/iserveu.ca/laravel/vendor/laravel/framework/src/Illuminate/Console/Command.php(115): Illuminate\Container\Container->call(Array)
#20 /home/psaunders/www/iserveu.ca/laravel/vendor/symfony/console/Symfony/Component/Console/Command/Command.php(257): Illuminate\Console\Command->execute(Object(Symfony\Component\Console\Input\ArgvInput), Object(Symfony\Component\Console\Output\ConsoleOutput))
#21 /home/psaunders/www/iserveu.ca/laravel/vendor/laravel/framework/src/Illuminate/Console/Command.php(101): Symfony\Component\Console\Command\Command->run(Object(Symfony\Component\Console\Input\ArgvInput), Object(Symfony\Component\Console\Output\ConsoleOutput))
#22 /home/psaunders/www/iserveu.ca/laravel/vendor/symfony/console/Symfony/Component/Console/Application.php(874): Illuminate\Console\Command->run(Object(Symfony\Component\Console\Input\ArgvInput), Object(Symfony\Component\Console\Output\ConsoleOutput))
#23 /home/psaunders/www/iserveu.ca/laravel/vendor/symfony/console/Symfony/Component/Console/Application.php(195): Symfony\Component\Console\Application->doRunCommand(Object(Illuminate\Database\Console\SeedCommand), Object(Symfony\Component\Console\Input\ArgvInput), Object(Symfony\Component\Console\Output\ConsoleOutput))
#24 /home/psaunders/www/iserveu.ca/laravel/vendor/symfony/console/Symfony/Component/Console/Application.php(126): Symfony\Component\Console\Application->doRun(Object(Symfony\Component\Console\Input\ArgvInput), Object(Symfony\Component\Console\Output\ConsoleOutput))
#25 /home/psaunders/www/iserveu.ca/laravel/vendor/laravel/framework/src/Illuminate/Foundation/Console/Kernel.php(94): Symfony\Component\Console\Application->run(Object(Symfony\Component\Console\Input\ArgvInput), Object(Symfony\Component\Console\Output\ConsoleOutput))
#26 /home/psaunders/www/iserveu.ca/laravel/artisan(36): Illuminate\Foundation\Console\Kernel->handle(Object(Symfony\Component\Console\Input\ArgvInput), Object(Symfony\Component\Console\Output\ConsoleOutput))
#27 {main}

Next exception 'Illuminate\Database\QueryException' with message 'SQLSTATE[23000]: Integrity constraint violation: 1062 Duplicate entry 'administrator' for key 'roles_name_unique' (SQL: insert into `roles` (`name`, `display_name`, `description`, `updated_at`, `created_at`) values (administrator, Full Administrator, User is able to perform all database functions, 2015-04-13 06:04:26, 2015-04-13 06:04:26))' in /home/psaunders/www/iserveu.ca/laravel/vendor/laravel/framework/src/Illuminate/Database/Connection.php:620
Stack trace:
#0 /home/psaunders/www/iserveu.ca/laravel/vendor/laravel/framework/src/Illuminate/Database/Connection.php(576): Illuminate\Database\Connection->runQueryCallback('insert into `ro...', Array, Object(Closure))
#1 /home/psaunders/www/iserveu.ca/laravel/vendor/laravel/framework/src/Illuminate/Database/Connection.php(359): Illuminate\Database\Connection->run('insert into `ro...', Array, Object(Closure))
#2 /home/psaunders/www/iserveu.ca/laravel/vendor/laravel/framework/src/Illuminate/Database/Connection.php(316): Illuminate\Database\Connection->statement('insert into `ro...', Array)
#3 /home/psaunders/www/iserveu.ca/laravel/vendor/laravel/framework/src/Illuminate/Database/Query/Processors/Processor.php(30): Illuminate\Database\Connection->insert('insert into `ro...', Array)
#4 /home/psaunders/www/iserveu.ca/laravel/vendor/laravel/framework/src/Illuminate/Database/Query/Builder.php(1718): Illuminate\Database\Query\Processors\Processor->processInsertGetId(Object(Illuminate\Database\Query\Builder), 'insert into `ro...', Array, 'id')
#5 [internal function]: Illuminate\Database\Query\Builder->insertGetId(Array, 'id')
#6 /home/psaunders/www/iserveu.ca/laravel/vendor/laravel/framework/src/Illuminate/Database/Eloquent/Builder.php(933): call_user_func_array(Array, Array)
#7 /home/psaunders/www/iserveu.ca/laravel/vendor/laravel/framework/src/Illuminate/Database/Eloquent/Model.php(1608): Illuminate\Database\Eloquent\Builder->__call('insertGetId', Array)
#8 /home/psaunders/www/iserveu.ca/laravel/vendor/laravel/framework/src/Illuminate/Database/Eloquent/Model.php(1608): Illuminate\Database\Eloquent\Builder->insertGetId(Array, 'id')
#9 /home/psaunders/www/iserveu.ca/laravel/vendor/laravel/framework/src/Illuminate/Database/Eloquent/Model.php(1578): Illuminate\Database\Eloquent\Model->insertAndSetId(Object(Illuminate\Database\Eloquent\Builder), Array)
#10 /home/psaunders/www/iserveu.ca/laravel/vendor/laravel/framework/src/Illuminate/Database/Eloquent/Model.php(1484): Illuminate\Database\Eloquent\Model->performInsert(Object(Illuminate\Database\Eloquent\Builder), Array)
#11 /home/psaunders/www/iserveu.ca/laravel/database/seeds/DatabaseSeeder.php(215): Illuminate\Database\Eloquent\Model->save()
#12 /home/psaunders/www/iserveu.ca/laravel/vendor/laravel/framework/src/Illuminate/Database/Seeder.php(37): DefaultUsers->run()
#13 /home/psaunders/www/iserveu.ca/laravel/database/seeds/DatabaseSeeder.php(44): Illuminate\Database\Seeder->call('DefaultUsers')
#14 /home/psaunders/www/iserveu.ca/laravel/vendor/laravel/framework/src/Illuminate/Database/Console/SeedCommand.php(57): DatabaseSeeder->run()
#15 [internal function]: Illuminate\Database\Console\SeedCommand->fire()
#16 /home/psaunders/www/iserveu.ca/laravel/vendor/laravel/framework/src/Illuminate/Container/Container.php(523): call_user_func_array(Array, Array)
#17 /home/psaunders/www/iserveu.ca/laravel/vendor/laravel/framework/src/Illuminate/Console/Command.php(115): Illuminate\Container\Container->call(Array)
#18 /home/psaunders/www/iserveu.ca/laravel/vendor/symfony/console/Symfony/Component/Console/Command/Command.php(257): Illuminate\Console\Command->execute(Object(Symfony\Component\Console\Input\ArgvInput), Object(Symfony\Component\Console\Output\ConsoleOutput))
#19 /home/psaunders/www/iserveu.ca/laravel/vendor/laravel/framework/src/Illuminate/Console/Command.php(101): Symfony\Component\Console\Command\Command->run(Object(Symfony\Component\Console\Input\ArgvInput), Object(Symfony\Component\Console\Output\ConsoleOutput))
#20 /home/psaunders/www/iserveu.ca/laravel/vendor/symfony/console/Symfony/Component/Console/Application.php(874): Illuminate\Console\Command->run(Object(Symfony\Component\Console\Input\ArgvInput), Object(Symfony\Component\Console\Output\ConsoleOutput))
#21 /home/psaunders/www/iserveu.ca/laravel/vendor/symfony/console/Symfony/Component/Console/Application.php(195): Symfony\Component\Console\Application->doRunCommand(Object(Illuminate\Database\Console\SeedCommand), Object(Symfony\Component\Console\Input\ArgvInput), Object(Symfony\Component\Console\Output\ConsoleOutput))
#22 /home/psaunders/www/iserveu.ca/laravel/vendor/symfony/console/Symfony/Component/Console/Application.php(126): Symfony\Component\Console\Application->doRun(Object(Symfony\Component\Console\Input\ArgvInput), Object(Symfony\Component\Console\Output\ConsoleOutput))
#23 /home/psaunders/www/iserveu.ca/laravel/vendor/laravel/framework/src/Illuminate/Foundation/Console/Kernel.php(94): Symfony\Component\Console\Application->run(Object(Symfony\Component\Console\Input\ArgvInput), Object(Symfony\Component\Console\Output\ConsoleOutput))
#24 /home/psaunders/www/iserveu.ca/laravel/artisan(36): Illuminate\Foundation\Console\Kernel->handle(Object(Symfony\Component\Console\Input\ArgvInput), Object(Symfony\Component\Console\Output\ConsoleOutput))
#25 {main}  
[2015-04-13 06:05:54] local.ERROR: exception 'Symfony\Component\Debug\Exception\FatalErrorException' with message 'Class 'App\EntrustPermission' not found' in /home/psaunders/www/iserveu.ca/laravel/app/Permission.php:5
Stack trace:
#0 {main}  
[2015-04-13 06:08:57] local.ERROR: exception 'Symfony\Component\Debug\Exception\FatalErrorException' with message 'Class 'App\Http\Controllers\Entrust' not found' in /home/psaunders/www/iserveu.ca/laravel/app/Http/Controllers/UserController.php:48
Stack trace:
#0 {main}  
[2015-04-13 06:09:23] local.ERROR: exception 'Symfony\Component\Debug\Exception\FatalErrorException' with message 'Class 'App\Entrust' not found' in /home/psaunders/www/iserveu.ca/laravel/app/Http/Controllers/UserController.php:49
Stack trace:
#0 {main}  
[2015-04-13 06:11:56] local.ERROR: exception 'Symfony\Component\Debug\Exception\FatalErrorException' with message 'Class 'App\Http\Controllers\Entrust' not found' in /home/psaunders/www/iserveu.ca/laravel/app/Http/Controllers/UserController.php:49
Stack trace:
#0 {main}  
[2015-04-13 06:12:16] local.ERROR: exception 'ErrorException' with message 'Non-static method Zizaco\Entrust\Entrust::hasRole() should not be called statically, assuming $this from incompatible context' in /home/psaunders/www/iserveu.ca/laravel/app/Http/Controllers/UserController.php:49
Stack trace:
#0 /home/psaunders/www/iserveu.ca/laravel/app/Http/Controllers/UserController.php(49): Illuminate\Foundation\Bootstrap\HandleExceptions->handleError(2048, 'Non-static meth...', '/home/psaunders...', 49, Array)
#1 [internal function]: App\Http\Controllers\UserController->index()
#2 /home/psaunders/www/iserveu.ca/laravel/vendor/laravel/framework/src/Illuminate/Routing/Controller.php(246): call_user_func_array(Array, Array)
#3 /home/psaunders/www/iserveu.ca/laravel/vendor/laravel/framework/src/Illuminate/Routing/ControllerDispatcher.php(162): Illuminate\Routing\Controller->callAction('index', Array)
#4 /home/psaunders/www/iserveu.ca/laravel/vendor/laravel/framework/src/Illuminate/Routing/ControllerDispatcher.php(107): Illuminate\Routing\ControllerDispatcher->call(Object(App\Http\Controllers\UserController), Object(Illuminate\Routing\Route), 'index')
#5 [internal function]: Illuminate\Routing\ControllerDispatcher->Illuminate\Routing\{closure}(Object(Illuminate\Http\Request))
#6 /home/psaunders/www/iserveu.ca/laravel/vendor/laravel/framework/src/Illuminate/Pipeline/Pipeline.php(141): call_user_func(Object(Closure), Object(Illuminate\Http\Request))
#7 [internal function]: Illuminate\Pipeline\Pipeline->Illuminate\Pipeline\{closure}(Object(Illuminate\Http\Request))
#8 /home/psaunders/www/iserveu.ca/laravel/vendor/laravel/framework/src/Illuminate/Pipeline/Pipeline.php(101): call_user_func(Object(Closure), Object(Illuminate\Http\Request))
#9 /home/psaunders/www/iserveu.ca/laravel/vendor/laravel/framework/src/Illuminate/Routing/ControllerDispatcher.php(108): Illuminate\Pipeline\Pipeline->then(Object(Closure))
#10 /home/psaunders/www/iserveu.ca/laravel/vendor/laravel/framework/src/Illuminate/Routing/ControllerDispatcher.php(67): Illuminate\Routing\ControllerDispatcher->callWithinStack(Object(App\Http\Controllers\UserController), Object(Illuminate\Routing\Route), Object(Illuminate\Http\Request), 'index')
#11 /home/psaunders/www/iserveu.ca/laravel/vendor/laravel/framework/src/Illuminate/Routing/Route.php(198): Illuminate\Routing\ControllerDispatcher->dispatch(Object(Illuminate\Routing\Route), Object(Illuminate\Http\Request), 'App\Http\Contro...', 'index')
#12 /home/psaunders/www/iserveu.ca/laravel/vendor/laravel/framework/src/Illuminate/Routing/Route.php(131): Illuminate\Routing\Route->runWithCustomDispatcher(Object(Illuminate\Http\Request))
#13 /home/psaunders/www/iserveu.ca/laravel/vendor/laravel/framework/src/Illuminate/Routing/Router.php(692): Illuminate\Routing\Route->run(Object(Illuminate\Http\Request))
#14 [internal function]: Illuminate\Routing\Router->Illuminate\Routing\{closure}(Object(Illuminate\Http\Request))
#15 /home/psaunders/www/iserveu.ca/laravel/vendor/laravel/framework/src/Illuminate/Pipeline/Pipeline.php(141): call_user_func(Object(Closure), Object(Illuminate\Http\Request))
#16 [internal function]: Illuminate\Pipeline\Pipeline->Illuminate\Pipeline\{closure}(Object(Illuminate\Http\Request))
#17 /home/psaunders/www/iserveu.ca/laravel/vendor/laravel/framework/src/Illuminate/Pipeline/Pipeline.php(101): call_user_func(Object(Closure), Object(Illuminate\Http\Request))
#18 /home/psaunders/www/iserveu.ca/laravel/vendor/laravel/framework/src/Illuminate/Routing/Router.php(694): Illuminate\Pipeline\Pipeline->then(Object(Closure))
#19 /home/psaunders/www/iserveu.ca/laravel/vendor/laravel/framework/src/Illuminate/Routing/Router.php(661): Illuminate\Routing\Router->runRouteWithinStack(Object(Illuminate\Routing\Route), Object(Illuminate\Http\Request))
#20 /home/psaunders/www/iserveu.ca/laravel/vendor/laravel/framework/src/Illuminate/Routing/Router.php(619): Illuminate\Routing\Router->dispatchToRoute(Object(Illuminate\Http\Request))
#21 /home/psaunders/www/iserveu.ca/laravel/vendor/laravel/framework/src/Illuminate/Foundation/Http/Kernel.php(214): Illuminate\Routing\Router->dispatch(Object(Illuminate\Http\Request))
#22 [internal function]: Illuminate\Foundation\Http\Kernel->Illuminate\Foundation\Http\{closure}(Object(Illuminate\Http\Request))
#23 /home/psaunders/www/iserveu.ca/laravel/vendor/laravel/framework/src/Illuminate/Pipeline/Pipeline.php(141): call_user_func(Object(Closure), Object(Illuminate\Http\Request))
#24 /home/psaunders/www/iserveu.ca/laravel/vendor/laravel/framework/src/Illuminate/Foundation/Http/Middleware/VerifyCsrfToken.php(43): Illuminate\Pipeline\Pipeline->Illuminate\Pipeline\{closure}(Object(Illuminate\Http\Request))
#25 /home/psaunders/www/iserveu.ca/laravel/app/Http/Middleware/VerifyCsrfToken.php(17): Illuminate\Foundation\Http\Middleware\VerifyCsrfToken->handle(Object(Illuminate\Http\Request), Object(Closure))
#26 /home/psaunders/www/iserveu.ca/laravel/vendor/laravel/framework/src/Illuminate/Pipeline/Pipeline.php(125): App\Http\Middleware\VerifyCsrfToken->handle(Object(Illuminate\Http\Request), Object(Closure))
#27 /home/psaunders/www/iserveu.ca/laravel/vendor/laravel/framework/src/Illuminate/View/Middleware/ShareErrorsFromSession.php(55): Illuminate\Pipeline\Pipeline->Illuminate\Pipeline\{closure}(Object(Illuminate\Http\Request))
#28 /home/psaunders/www/iserveu.ca/laravel/vendor/laravel/framework/src/Illuminate/Pipeline/Pipeline.php(125): Illuminate\View\Middleware\ShareErrorsFromSession->handle(Object(Illuminate\Http\Request), Object(Closure))
#29 /home/psaunders/www/iserveu.ca/laravel/vendor/laravel/framework/src/Illuminate/Session/Middleware/StartSession.php(61): Illuminate\Pipeline\Pipeline->Illuminate\Pipeline\{closure}(Object(Illuminate\Http\Request))
#30 /home/psaunders/www/iserveu.ca/laravel/vendor/laravel/framework/src/Illuminate/Pipeline/Pipeline.php(125): Illuminate\Session\Middleware\StartSession->handle(Object(Illuminate\Http\Request), Object(Closure))
#31 /home/psaunders/www/iserveu.ca/laravel/vendor/laravel/framework/src/Illuminate/Cookie/Middleware/AddQueuedCookiesToResponse.php(36): Illuminate\Pipeline\Pipeline->Illuminate\Pipeline\{closure}(Object(Illuminate\Http\Request))
#32 /home/psaunders/www/iserveu.ca/laravel/vendor/laravel/framework/src/Illuminate/Pipeline/Pipeline.php(125): Illuminate\Cookie\Middleware\AddQueuedCookiesToResponse->handle(Object(Illuminate\Http\Request), Object(Closure))
#33 /home/psaunders/www/iserveu.ca/laravel/vendor/laravel/framework/src/Illuminate/Cookie/Middleware/EncryptCookies.php(40): Illuminate\Pipeline\Pipeline->Illuminate\Pipeline\{closure}(Object(Illuminate\Http\Request))
#34 /home/psaunders/www/iserveu.ca/laravel/vendor/laravel/framework/src/Illuminate/Pipeline/Pipeline.php(125): Illuminate\Cookie\Middleware\EncryptCookies->handle(Object(Illuminate\Http\Request), Object(Closure))
#35 /home/psaunders/www/iserveu.ca/laravel/vendor/laravel/framework/src/Illuminate/Foundation/Http/Middleware/CheckForMaintenanceMode.php(42): Illuminate\Pipeline\Pipeline->Illuminate\Pipeline\{closure}(Object(Illuminate\Http\Request))
#36 /home/psaunders/www/iserveu.ca/laravel/vendor/laravel/framework/src/Illuminate/Pipeline/Pipeline.php(125): Illuminate\Foundation\Http\Middleware\CheckForMaintenanceMode->handle(Object(Illuminate\Http\Request), Object(Closure))
#37 [internal function]: Illuminate\Pipeline\Pipeline->Illuminate\Pipeline\{closure}(Object(Illuminate\Http\Request))
#38 /home/psaunders/www/iserveu.ca/laravel/vendor/laravel/framework/src/Illuminate/Pipeline/Pipeline.php(101): call_user_func(Object(Closure), Object(Illuminate\Http\Request))
#39 /home/psaunders/www/iserveu.ca/laravel/vendor/laravel/framework/src/Illuminate/Foundation/Http/Kernel.php(115): Illuminate\Pipeline\Pipeline->then(Object(Closure))
#40 /home/psaunders/www/iserveu.ca/laravel/vendor/laravel/framework/src/Illuminate/Foundation/Http/Kernel.php(84): Illuminate\Foundation\Http\Kernel->sendRequestThroughRouter(Object(Illuminate\Http\Request))
#41 /home/psaunders/www/iserveu.ca/laravel/public/index.php(53): Illuminate\Foundation\Http\Kernel->handle(Object(Illuminate\Http\Request))
#42 {main}  
[2015-04-13 06:12:25] local.ERROR: exception 'Symfony\Component\Debug\Exception\FatalErrorException' with message 'Class 'Zizaco\Entrust' not found' in /home/psaunders/www/iserveu.ca/laravel/app/Http/Controllers/UserController.php:49
Stack trace:
#0 {main}  
[2015-04-13 06:12:28] local.ERROR: exception 'ErrorException' with message 'Non-static method Zizaco\Entrust\Entrust::hasRole() should not be called statically, assuming $this from incompatible context' in /home/psaunders/www/iserveu.ca/laravel/app/Http/Controllers/UserController.php:49
Stack trace:
#0 /home/psaunders/www/iserveu.ca/laravel/app/Http/Controllers/UserController.php(49): Illuminate\Foundation\Bootstrap\HandleExceptions->handleError(2048, 'Non-static meth...', '/home/psaunders...', 49, Array)
#1 [internal function]: App\Http\Controllers\UserController->index()
#2 /home/psaunders/www/iserveu.ca/laravel/vendor/laravel/framework/src/Illuminate/Routing/Controller.php(246): call_user_func_array(Array, Array)
#3 /home/psaunders/www/iserveu.ca/laravel/vendor/laravel/framework/src/Illuminate/Routing/ControllerDispatcher.php(162): Illuminate\Routing\Controller->callAction('index', Array)
#4 /home/psaunders/www/iserveu.ca/laravel/vendor/laravel/framework/src/Illuminate/Routing/ControllerDispatcher.php(107): Illuminate\Routing\ControllerDispatcher->call(Object(App\Http\Controllers\UserController), Object(Illuminate\Routing\Route), 'index')
#5 [internal function]: Illuminate\Routing\ControllerDispatcher->Illuminate\Routing\{closure}(Object(Illuminate\Http\Request))
#6 /home/psaunders/www/iserveu.ca/laravel/vendor/laravel/framework/src/Illuminate/Pipeline/Pipeline.php(141): call_user_func(Object(Closure), Object(Illuminate\Http\Request))
#7 [internal function]: Illuminate\Pipeline\Pipeline->Illuminate\Pipeline\{closure}(Object(Illuminate\Http\Request))
#8 /home/psaunders/www/iserveu.ca/laravel/vendor/laravel/framework/src/Illuminate/Pipeline/Pipeline.php(101): call_user_func(Object(Closure), Object(Illuminate\Http\Request))
#9 /home/psaunders/www/iserveu.ca/laravel/vendor/laravel/framework/src/Illuminate/Routing/ControllerDispatcher.php(108): Illuminate\Pipeline\Pipeline->then(Object(Closure))
#10 /home/psaunders/www/iserveu.ca/laravel/vendor/laravel/framework/src/Illuminate/Routing/ControllerDispatcher.php(67): Illuminate\Routing\ControllerDispatcher->callWithinStack(Object(App\Http\Controllers\UserController), Object(Illuminate\Routing\Route), Object(Illuminate\Http\Request), 'index')
#11 /home/psaunders/www/iserveu.ca/laravel/vendor/laravel/framework/src/Illuminate/Routing/Route.php(198): Illuminate\Routing\ControllerDispatcher->dispatch(Object(Illuminate\Routing\Route), Object(Illuminate\Http\Request), 'App\Http\Contro...', 'index')
#12 /home/psaunders/www/iserveu.ca/laravel/vendor/laravel/framework/src/Illuminate/Routing/Route.php(131): Illuminate\Routing\Route->runWithCustomDispatcher(Object(Illuminate\Http\Request))
#13 /home/psaunders/www/iserveu.ca/laravel/vendor/laravel/framework/src/Illuminate/Routing/Router.php(692): Illuminate\Routing\Route->run(Object(Illuminate\Http\Request))
#14 [internal function]: Illuminate\Routing\Router->Illuminate\Routing\{closure}(Object(Illuminate\Http\Request))
#15 /home/psaunders/www/iserveu.ca/laravel/vendor/laravel/framework/src/Illuminate/Pipeline/Pipeline.php(141): call_user_func(Object(Closure), Object(Illuminate\Http\Request))
#16 [internal function]: Illuminate\Pipeline\Pipeline->Illuminate\Pipeline\{closure}(Object(Illuminate\Http\Request))
#17 /home/psaunders/www/iserveu.ca/laravel/vendor/laravel/framework/src/Illuminate/Pipeline/Pipeline.php(101): call_user_func(Object(Closure), Object(Illuminate\Http\Request))
#18 /home/psaunders/www/iserveu.ca/laravel/vendor/laravel/framework/src/Illuminate/Routing/Router.php(694): Illuminate\Pipeline\Pipeline->then(Object(Closure))
#19 /home/psaunders/www/iserveu.ca/laravel/vendor/laravel/framework/src/Illuminate/Routing/Router.php(661): Illuminate\Routing\Router->runRouteWithinStack(Object(Illuminate\Routing\Route), Object(Illuminate\Http\Request))
#20 /home/psaunders/www/iserveu.ca/laravel/vendor/laravel/framework/src/Illuminate/Routing/Router.php(619): Illuminate\Routing\Router->dispatchToRoute(Object(Illuminate\Http\Request))
#21 /home/psaunders/www/iserveu.ca/laravel/vendor/laravel/framework/src/Illuminate/Foundation/Http/Kernel.php(214): Illuminate\Routing\Router->dispatch(Object(Illuminate\Http\Request))
#22 [internal function]: Illuminate\Foundation\Http\Kernel->Illuminate\Foundation\Http\{closure}(Object(Illuminate\Http\Request))
#23 /home/psaunders/www/iserveu.ca/laravel/vendor/laravel/framework/src/Illuminate/Pipeline/Pipeline.php(141): call_user_func(Object(Closure), Object(Illuminate\Http\Request))
#24 /home/psaunders/www/iserveu.ca/laravel/vendor/laravel/framework/src/Illuminate/Foundation/Http/Middleware/VerifyCsrfToken.php(43): Illuminate\Pipeline\Pipeline->Illuminate\Pipeline\{closure}(Object(Illuminate\Http\Request))
#25 /home/psaunders/www/iserveu.ca/laravel/app/Http/Middleware/VerifyCsrfToken.php(17): Illuminate\Foundation\Http\Middleware\VerifyCsrfToken->handle(Object(Illuminate\Http\Request), Object(Closure))
#26 /home/psaunders/www/iserveu.ca/laravel/vendor/laravel/framework/src/Illuminate/Pipeline/Pipeline.php(125): App\Http\Middleware\VerifyCsrfToken->handle(Object(Illuminate\Http\Request), Object(Closure))
#27 /home/psaunders/www/iserveu.ca/laravel/vendor/laravel/framework/src/Illuminate/View/Middleware/ShareErrorsFromSession.php(55): Illuminate\Pipeline\Pipeline->Illuminate\Pipeline\{closure}(Object(Illuminate\Http\Request))
#28 /home/psaunders/www/iserveu.ca/laravel/vendor/laravel/framework/src/Illuminate/Pipeline/Pipeline.php(125): Illuminate\View\Middleware\ShareErrorsFromSession->handle(Object(Illuminate\Http\Request), Object(Closure))
#29 /home/psaunders/www/iserveu.ca/laravel/vendor/laravel/framework/src/Illuminate/Session/Middleware/StartSession.php(61): Illuminate\Pipeline\Pipeline->Illuminate\Pipeline\{closure}(Object(Illuminate\Http\Request))
#30 /home/psaunders/www/iserveu.ca/laravel/vendor/laravel/framework/src/Illuminate/Pipeline/Pipeline.php(125): Illuminate\Session\Middleware\StartSession->handle(Object(Illuminate\Http\Request), Object(Closure))
#31 /home/psaunders/www/iserveu.ca/laravel/vendor/laravel/framework/src/Illuminate/Cookie/Middleware/AddQueuedCookiesToResponse.php(36): Illuminate\Pipeline\Pipeline->Illuminate\Pipeline\{closure}(Object(Illuminate\Http\Request))
#32 /home/psaunders/www/iserveu.ca/laravel/vendor/laravel/framework/src/Illuminate/Pipeline/Pipeline.php(125): Illuminate\Cookie\Middleware\AddQueuedCookiesToResponse->handle(Object(Illuminate\Http\Request), Object(Closure))
#33 /home/psaunders/www/iserveu.ca/laravel/vendor/laravel/framework/src/Illuminate/Cookie/Middleware/EncryptCookies.php(40): Illuminate\Pipeline\Pipeline->Illuminate\Pipeline\{closure}(Object(Illuminate\Http\Request))
#34 /home/psaunders/www/iserveu.ca/laravel/vendor/laravel/framework/src/Illuminate/Pipeline/Pipeline.php(125): Illuminate\Cookie\Middleware\EncryptCookies->handle(Object(Illuminate\Http\Request), Object(Closure))
#35 /home/psaunders/www/iserveu.ca/laravel/vendor/laravel/framework/src/Illuminate/Foundation/Http/Middleware/CheckForMaintenanceMode.php(42): Illuminate\Pipeline\Pipeline->Illuminate\Pipeline\{closure}(Object(Illuminate\Http\Request))
#36 /home/psaunders/www/iserveu.ca/laravel/vendor/laravel/framework/src/Illuminate/Pipeline/Pipeline.php(125): Illuminate\Foundation\Http\Middleware\CheckForMaintenanceMode->handle(Object(Illuminate\Http\Request), Object(Closure))
#37 [internal function]: Illuminate\Pipeline\Pipeline->Illuminate\Pipeline\{closure}(Object(Illuminate\Http\Request))
#38 /home/psaunders/www/iserveu.ca/laravel/vendor/laravel/framework/src/Illuminate/Pipeline/Pipeline.php(101): call_user_func(Object(Closure), Object(Illuminate\Http\Request))
#39 /home/psaunders/www/iserveu.ca/laravel/vendor/laravel/framework/src/Illuminate/Foundation/Http/Kernel.php(115): Illuminate\Pipeline\Pipeline->then(Object(Closure))
#40 /home/psaunders/www/iserveu.ca/laravel/vendor/laravel/framework/src/Illuminate/Foundation/Http/Kernel.php(84): Illuminate\Foundation\Http\Kernel->sendRequestThroughRouter(Object(Illuminate\Http\Request))
#41 /home/psaunders/www/iserveu.ca/laravel/public/index.php(53): Illuminate\Foundation\Http\Kernel->handle(Object(Illuminate\Http\Request))
#42 {main}  
[2015-04-13 06:12:53] local.ERROR: exception 'ErrorException' with message 'Non-static method Zizaco\Entrust\Entrust::hasRole() should not be called statically, assuming $this from incompatible context' in /home/psaunders/www/iserveu.ca/laravel/app/Http/Controllers/UserController.php:49
Stack trace:
#0 /home/psaunders/www/iserveu.ca/laravel/app/Http/Controllers/UserController.php(49): Illuminate\Foundation\Bootstrap\HandleExceptions->handleError(2048, 'Non-static meth...', '/home/psaunders...', 49, Array)
#1 [internal function]: App\Http\Controllers\UserController->index()
#2 /home/psaunders/www/iserveu.ca/laravel/vendor/laravel/framework/src/Illuminate/Routing/Controller.php(246): call_user_func_array(Array, Array)
#3 /home/psaunders/www/iserveu.ca/laravel/vendor/laravel/framework/src/Illuminate/Routing/ControllerDispatcher.php(162): Illuminate\Routing\Controller->callAction('index', Array)
#4 /home/psaunders/www/iserveu.ca/laravel/vendor/laravel/framework/src/Illuminate/Routing/ControllerDispatcher.php(107): Illuminate\Routing\ControllerDispatcher->call(Object(App\Http\Controllers\UserController), Object(Illuminate\Routing\Route), 'index')
#5 [internal function]: Illuminate\Routing\ControllerDispatcher->Illuminate\Routing\{closure}(Object(Illuminate\Http\Request))
#6 /home/psaunders/www/iserveu.ca/laravel/vendor/laravel/framework/src/Illuminate/Pipeline/Pipeline.php(141): call_user_func(Object(Closure), Object(Illuminate\Http\Request))
#7 [internal function]: Illuminate\Pipeline\Pipeline->Illuminate\Pipeline\{closure}(Object(Illuminate\Http\Request))
#8 /home/psaunders/www/iserveu.ca/laravel/vendor/laravel/framework/src/Illuminate/Pipeline/Pipeline.php(101): call_user_func(Object(Closure), Object(Illuminate\Http\Request))
#9 /home/psaunders/www/iserveu.ca/laravel/vendor/laravel/framework/src/Illuminate/Routing/ControllerDispatcher.php(108): Illuminate\Pipeline\Pipeline->then(Object(Closure))
#10 /home/psaunders/www/iserveu.ca/laravel/vendor/laravel/framework/src/Illuminate/Routing/ControllerDispatcher.php(67): Illuminate\Routing\ControllerDispatcher->callWithinStack(Object(App\Http\Controllers\UserController), Object(Illuminate\Routing\Route), Object(Illuminate\Http\Request), 'index')
#11 /home/psaunders/www/iserveu.ca/laravel/vendor/laravel/framework/src/Illuminate/Routing/Route.php(198): Illuminate\Routing\ControllerDispatcher->dispatch(Object(Illuminate\Routing\Route), Object(Illuminate\Http\Request), 'App\Http\Contro...', 'index')
#12 /home/psaunders/www/iserveu.ca/laravel/vendor/laravel/framework/src/Illuminate/Routing/Route.php(131): Illuminate\Routing\Route->runWithCustomDispatcher(Object(Illuminate\Http\Request))
#13 /home/psaunders/www/iserveu.ca/laravel/vendor/laravel/framework/src/Illuminate/Routing/Router.php(692): Illuminate\Routing\Route->run(Object(Illuminate\Http\Request))
#14 [internal function]: Illuminate\Routing\Router->Illuminate\Routing\{closure}(Object(Illuminate\Http\Request))
#15 /home/psaunders/www/iserveu.ca/laravel/vendor/laravel/framework/src/Illuminate/Pipeline/Pipeline.php(141): call_user_func(Object(Closure), Object(Illuminate\Http\Request))
#16 [internal function]: Illuminate\Pipeline\Pipeline->Illuminate\Pipeline\{closure}(Object(Illuminate\Http\Request))
#17 /home/psaunders/www/iserveu.ca/laravel/vendor/laravel/framework/src/Illuminate/Pipeline/Pipeline.php(101): call_user_func(Object(Closure), Object(Illuminate\Http\Request))
#18 /home/psaunders/www/iserveu.ca/laravel/vendor/laravel/framework/src/Illuminate/Routing/Router.php(694): Illuminate\Pipeline\Pipeline->then(Object(Closure))
#19 /home/psaunders/www/iserveu.ca/laravel/vendor/laravel/framework/src/Illuminate/Routing/Router.php(661): Illuminate\Routing\Router->runRouteWithinStack(Object(Illuminate\Routing\Route), Object(Illuminate\Http\Request))
#20 /home/psaunders/www/iserveu.ca/laravel/vendor/laravel/framework/src/Illuminate/Routing/Router.php(619): Illuminate\Routing\Router->dispatchToRoute(Object(Illuminate\Http\Request))
#21 /home/psaunders/www/iserveu.ca/laravel/vendor/laravel/framework/src/Illuminate/Foundation/Http/Kernel.php(214): Illuminate\Routing\Router->dispatch(Object(Illuminate\Http\Request))
#22 [internal function]: Illuminate\Foundation\Http\Kernel->Illuminate\Foundation\Http\{closure}(Object(Illuminate\Http\Request))
#23 /home/psaunders/www/iserveu.ca/laravel/vendor/laravel/framework/src/Illuminate/Pipeline/Pipeline.php(141): call_user_func(Object(Closure), Object(Illuminate\Http\Request))
#24 /home/psaunders/www/iserveu.ca/laravel/vendor/laravel/framework/src/Illuminate/Foundation/Http/Middleware/VerifyCsrfToken.php(43): Illuminate\Pipeline\Pipeline->Illuminate\Pipeline\{closure}(Object(Illuminate\Http\Request))
#25 /home/psaunders/www/iserveu.ca/laravel/app/Http/Middleware/VerifyCsrfToken.php(17): Illuminate\Foundation\Http\Middleware\VerifyCsrfToken->handle(Object(Illuminate\Http\Request), Object(Closure))
#26 /home/psaunders/www/iserveu.ca/laravel/vendor/laravel/framework/src/Illuminate/Pipeline/Pipeline.php(125): App\Http\Middleware\VerifyCsrfToken->handle(Object(Illuminate\Http\Request), Object(Closure))
#27 /home/psaunders/www/iserveu.ca/laravel/vendor/laravel/framework/src/Illuminate/View/Middleware/ShareErrorsFromSession.php(55): Illuminate\Pipeline\Pipeline->Illuminate\Pipeline\{closure}(Object(Illuminate\Http\Request))
#28 /home/psaunders/www/iserveu.ca/laravel/vendor/laravel/framework/src/Illuminate/Pipeline/Pipeline.php(125): Illuminate\View\Middleware\ShareErrorsFromSession->handle(Object(Illuminate\Http\Request), Object(Closure))
#29 /home/psaunders/www/iserveu.ca/laravel/vendor/laravel/framework/src/Illuminate/Session/Middleware/StartSession.php(61): Illuminate\Pipeline\Pipeline->Illuminate\Pipeline\{closure}(Object(Illuminate\Http\Request))
#30 /home/psaunders/www/iserveu.ca/laravel/vendor/laravel/framework/src/Illuminate/Pipeline/Pipeline.php(125): Illuminate\Session\Middleware\StartSession->handle(Object(Illuminate\Http\Request), Object(Closure))
#31 /home/psaunders/www/iserveu.ca/laravel/vendor/laravel/framework/src/Illuminate/Cookie/Middleware/AddQueuedCookiesToResponse.php(36): Illuminate\Pipeline\Pipeline->Illuminate\Pipeline\{closure}(Object(Illuminate\Http\Request))
#32 /home/psaunders/www/iserveu.ca/laravel/vendor/laravel/framework/src/Illuminate/Pipeline/Pipeline.php(125): Illuminate\Cookie\Middleware\AddQueuedCookiesToResponse->handle(Object(Illuminate\Http\Request), Object(Closure))
#33 /home/psaunders/www/iserveu.ca/laravel/vendor/laravel/framework/src/Illuminate/Cookie/Middleware/EncryptCookies.php(40): Illuminate\Pipeline\Pipeline->Illuminate\Pipeline\{closure}(Object(Illuminate\Http\Request))
#34 /home/psaunders/www/iserveu.ca/laravel/vendor/laravel/framework/src/Illuminate/Pipeline/Pipeline.php(125): Illuminate\Cookie\Middleware\EncryptCookies->handle(Object(Illuminate\Http\Request), Object(Closure))
#35 /home/psaunders/www/iserveu.ca/laravel/vendor/laravel/framework/src/Illuminate/Foundation/Http/Middleware/CheckForMaintenanceMode.php(42): Illuminate\Pipeline\Pipeline->Illuminate\Pipeline\{closure}(Object(Illuminate\Http\Request))
#36 /home/psaunders/www/iserveu.ca/laravel/vendor/laravel/framework/src/Illuminate/Pipeline/Pipeline.php(125): Illuminate\Foundation\Http\Middleware\CheckForMaintenanceMode->handle(Object(Illuminate\Http\Request), Object(Closure))
#37 [internal function]: Illuminate\Pipeline\Pipeline->Illuminate\Pipeline\{closure}(Object(Illuminate\Http\Request))
#38 /home/psaunders/www/iserveu.ca/laravel/vendor/laravel/framework/src/Illuminate/Pipeline/Pipeline.php(101): call_user_func(Object(Closure), Object(Illuminate\Http\Request))
#39 /home/psaunders/www/iserveu.ca/laravel/vendor/laravel/framework/src/Illuminate/Foundation/Http/Kernel.php(115): Illuminate\Pipeline\Pipeline->then(Object(Closure))
#40 /home/psaunders/www/iserveu.ca/laravel/vendor/laravel/framework/src/Illuminate/Foundation/Http/Kernel.php(84): Illuminate\Foundation\Http\Kernel->sendRequestThroughRouter(Object(Illuminate\Http\Request))
#41 /home/psaunders/www/iserveu.ca/laravel/public/index.php(53): Illuminate\Foundation\Http\Kernel->handle(Object(Illuminate\Http\Request))
#42 {main}  
[2015-04-13 06:13:14] local.ERROR: exception 'ErrorException' with message 'Non-static method Zizaco\Entrust\Entrust::hasRole() should not be called statically, assuming $this from incompatible context' in /home/psaunders/www/iserveu.ca/laravel/app/Http/Controllers/UserController.php:49
Stack trace:
#0 /home/psaunders/www/iserveu.ca/laravel/app/Http/Controllers/UserController.php(49): Illuminate\Foundation\Bootstrap\HandleExceptions->handleError(2048, 'Non-static meth...', '/home/psaunders...', 49, Array)
#1 [internal function]: App\Http\Controllers\UserController->index()
#2 /home/psaunders/www/iserveu.ca/laravel/vendor/laravel/framework/src/Illuminate/Routing/Controller.php(246): call_user_func_array(Array, Array)
#3 /home/psaunders/www/iserveu.ca/laravel/vendor/laravel/framework/src/Illuminate/Routing/ControllerDispatcher.php(162): Illuminate\Routing\Controller->callAction('index', Array)
#4 /home/psaunders/www/iserveu.ca/laravel/vendor/laravel/framework/src/Illuminate/Routing/ControllerDispatcher.php(107): Illuminate\Routing\ControllerDispatcher->call(Object(App\Http\Controllers\UserController), Object(Illuminate\Routing\Route), 'index')
#5 [internal function]: Illuminate\Routing\ControllerDispatcher->Illuminate\Routing\{closure}(Object(Illuminate\Http\Request))
#6 /home/psaunders/www/iserveu.ca/laravel/vendor/laravel/framework/src/Illuminate/Pipeline/Pipeline.php(141): call_user_func(Object(Closure), Object(Illuminate\Http\Request))
#7 [internal function]: Illuminate\Pipeline\Pipeline->Illuminate\Pipeline\{closure}(Object(Illuminate\Http\Request))
#8 /home/psaunders/www/iserveu.ca/laravel/vendor/laravel/framework/src/Illuminate/Pipeline/Pipeline.php(101): call_user_func(Object(Closure), Object(Illuminate\Http\Request))
#9 /home/psaunders/www/iserveu.ca/laravel/vendor/laravel/framework/src/Illuminate/Routing/ControllerDispatcher.php(108): Illuminate\Pipeline\Pipeline->then(Object(Closure))
#10 /home/psaunders/www/iserveu.ca/laravel/vendor/laravel/framework/src/Illuminate/Routing/ControllerDispatcher.php(67): Illuminate\Routing\ControllerDispatcher->callWithinStack(Object(App\Http\Controllers\UserController), Object(Illuminate\Routing\Route), Object(Illuminate\Http\Request), 'index')
#11 /home/psaunders/www/iserveu.ca/laravel/vendor/laravel/framework/src/Illuminate/Routing/Route.php(198): Illuminate\Routing\ControllerDispatcher->dispatch(Object(Illuminate\Routing\Route), Object(Illuminate\Http\Request), 'App\Http\Contro...', 'index')
#12 /home/psaunders/www/iserveu.ca/laravel/vendor/laravel/framework/src/Illuminate/Routing/Route.php(131): Illuminate\Routing\Route->runWithCustomDispatcher(Object(Illuminate\Http\Request))
#13 /home/psaunders/www/iserveu.ca/laravel/vendor/laravel/framework/src/Illuminate/Routing/Router.php(692): Illuminate\Routing\Route->run(Object(Illuminate\Http\Request))
#14 [internal function]: Illuminate\Routing\Router->Illuminate\Routing\{closure}(Object(Illuminate\Http\Request))
#15 /home/psaunders/www/iserveu.ca/laravel/vendor/laravel/framework/src/Illuminate/Pipeline/Pipeline.php(141): call_user_func(Object(Closure), Object(Illuminate\Http\Request))
#16 [internal function]: Illuminate\Pipeline\Pipeline->Illuminate\Pipeline\{closure}(Object(Illuminate\Http\Request))
#17 /home/psaunders/www/iserveu.ca/laravel/vendor/laravel/framework/src/Illuminate/Pipeline/Pipeline.php(101): call_user_func(Object(Closure), Object(Illuminate\Http\Request))
#18 /home/psaunders/www/iserveu.ca/laravel/vendor/laravel/framework/src/Illuminate/Routing/Router.php(694): Illuminate\Pipeline\Pipeline->then(Object(Closure))
#19 /home/psaunders/www/iserveu.ca/laravel/vendor/laravel/framework/src/Illuminate/Routing/Router.php(661): Illuminate\Routing\Router->runRouteWithinStack(Object(Illuminate\Routing\Route), Object(Illuminate\Http\Request))
#20 /home/psaunders/www/iserveu.ca/laravel/vendor/laravel/framework/src/Illuminate/Routing/Router.php(619): Illuminate\Routing\Router->dispatchToRoute(Object(Illuminate\Http\Request))
#21 /home/psaunders/www/iserveu.ca/laravel/vendor/laravel/framework/src/Illuminate/Foundation/Http/Kernel.php(214): Illuminate\Routing\Router->dispatch(Object(Illuminate\Http\Request))
#22 [internal function]: Illuminate\Foundation\Http\Kernel->Illuminate\Foundation\Http\{closure}(Object(Illuminate\Http\Request))
#23 /home/psaunders/www/iserveu.ca/laravel/vendor/laravel/framework/src/Illuminate/Pipeline/Pipeline.php(141): call_user_func(Object(Closure), Object(Illuminate\Http\Request))
#24 /home/psaunders/www/iserveu.ca/laravel/vendor/laravel/framework/src/Illuminate/Foundation/Http/Middleware/VerifyCsrfToken.php(43): Illuminate\Pipeline\Pipeline->Illuminate\Pipeline\{closure}(Object(Illuminate\Http\Request))
#25 /home/psaunders/www/iserveu.ca/laravel/app/Http/Middleware/VerifyCsrfToken.php(17): Illuminate\Foundation\Http\Middleware\VerifyCsrfToken->handle(Object(Illuminate\Http\Request), Object(Closure))
#26 /home/psaunders/www/iserveu.ca/laravel/vendor/laravel/framework/src/Illuminate/Pipeline/Pipeline.php(125): App\Http\Middleware\VerifyCsrfToken->handle(Object(Illuminate\Http\Request), Object(Closure))
#27 /home/psaunders/www/iserveu.ca/laravel/vendor/laravel/framework/src/Illuminate/View/Middleware/ShareErrorsFromSession.php(55): Illuminate\Pipeline\Pipeline->Illuminate\Pipeline\{closure}(Object(Illuminate\Http\Request))
#28 /home/psaunders/www/iserveu.ca/laravel/vendor/laravel/framework/src/Illuminate/Pipeline/Pipeline.php(125): Illuminate\View\Middleware\ShareErrorsFromSession->handle(Object(Illuminate\Http\Request), Object(Closure))
#29 /home/psaunders/www/iserveu.ca/laravel/vendor/laravel/framework/src/Illuminate/Session/Middleware/StartSession.php(61): Illuminate\Pipeline\Pipeline->Illuminate\Pipeline\{closure}(Object(Illuminate\Http\Request))
#30 /home/psaunders/www/iserveu.ca/laravel/vendor/laravel/framework/src/Illuminate/Pipeline/Pipeline.php(125): Illuminate\Session\Middleware\StartSession->handle(Object(Illuminate\Http\Request), Object(Closure))
#31 /home/psaunders/www/iserveu.ca/laravel/vendor/laravel/framework/src/Illuminate/Cookie/Middleware/AddQueuedCookiesToResponse.php(36): Illuminate\Pipeline\Pipeline->Illuminate\Pipeline\{closure}(Object(Illuminate\Http\Request))
#32 /home/psaunders/www/iserveu.ca/laravel/vendor/laravel/framework/src/Illuminate/Pipeline/Pipeline.php(125): Illuminate\Cookie\Middleware\AddQueuedCookiesToResponse->handle(Object(Illuminate\Http\Request), Object(Closure))
#33 /home/psaunders/www/iserveu.ca/laravel/vendor/laravel/framework/src/Illuminate/Cookie/Middleware/EncryptCookies.php(40): Illuminate\Pipeline\Pipeline->Illuminate\Pipeline\{closure}(Object(Illuminate\Http\Request))
#34 /home/psaunders/www/iserveu.ca/laravel/vendor/laravel/framework/src/Illuminate/Pipeline/Pipeline.php(125): Illuminate\Cookie\Middleware\EncryptCookies->handle(Object(Illuminate\Http\Request), Object(Closure))
#35 /home/psaunders/www/iserveu.ca/laravel/vendor/laravel/framework/src/Illuminate/Foundation/Http/Middleware/CheckForMaintenanceMode.php(42): Illuminate\Pipeline\Pipeline->Illuminate\Pipeline\{closure}(Object(Illuminate\Http\Request))
#36 /home/psaunders/www/iserveu.ca/laravel/vendor/laravel/framework/src/Illuminate/Pipeline/Pipeline.php(125): Illuminate\Foundation\Http\Middleware\CheckForMaintenanceMode->handle(Object(Illuminate\Http\Request), Object(Closure))
#37 [internal function]: Illuminate\Pipeline\Pipeline->Illuminate\Pipeline\{closure}(Object(Illuminate\Http\Request))
#38 /home/psaunders/www/iserveu.ca/laravel/vendor/laravel/framework/src/Illuminate/Pipeline/Pipeline.php(101): call_user_func(Object(Closure), Object(Illuminate\Http\Request))
#39 /home/psaunders/www/iserveu.ca/laravel/vendor/laravel/framework/src/Illuminate/Foundation/Http/Kernel.php(115): Illuminate\Pipeline\Pipeline->then(Object(Closure))
#40 /home/psaunders/www/iserveu.ca/laravel/vendor/laravel/framework/src/Illuminate/Foundation/Http/Kernel.php(84): Illuminate\Foundation\Http\Kernel->sendRequestThroughRouter(Object(Illuminate\Http\Request))
#41 /home/psaunders/www/iserveu.ca/laravel/public/index.php(53): Illuminate\Foundation\Http\Kernel->handle(Object(Illuminate\Http\Request))
#42 {main}  
[2015-04-13 06:14:28] local.ERROR: exception 'Symfony\Component\Debug\Exception\FatalErrorException' with message 'Class 'App\Http\Controllers\Auth' not found' in /home/psaunders/www/iserveu.ca/laravel/app/Http/Controllers/UserController.php:49
Stack trace:
#0 {main}  
[2015-04-13 06:15:16] local.ERROR: exception 'ErrorException' with message 'Non-static method Zizaco\Entrust\Entrust::can() should not be called statically, assuming $this from incompatible context' in /home/psaunders/www/iserveu.ca/laravel/app/Http/Controllers/UserController.php:49
Stack trace:
#0 /home/psaunders/www/iserveu.ca/laravel/app/Http/Controllers/UserController.php(49): Illuminate\Foundation\Bootstrap\HandleExceptions->handleError(2048, 'Non-static meth...', '/home/psaunders...', 49, Array)
#1 [internal function]: App\Http\Controllers\UserController->index()
#2 /home/psaunders/www/iserveu.ca/laravel/vendor/laravel/framework/src/Illuminate/Routing/Controller.php(246): call_user_func_array(Array, Array)
#3 /home/psaunders/www/iserveu.ca/laravel/vendor/laravel/framework/src/Illuminate/Routing/ControllerDispatcher.php(162): Illuminate\Routing\Controller->callAction('index', Array)
#4 /home/psaunders/www/iserveu.ca/laravel/vendor/laravel/framework/src/Illuminate/Routing/ControllerDispatcher.php(107): Illuminate\Routing\ControllerDispatcher->call(Object(App\Http\Controllers\UserController), Object(Illuminate\Routing\Route), 'index')
#5 [internal function]: Illuminate\Routing\ControllerDispatcher->Illuminate\Routing\{closure}(Object(Illuminate\Http\Request))
#6 /home/psaunders/www/iserveu.ca/laravel/vendor/laravel/framework/src/Illuminate/Pipeline/Pipeline.php(141): call_user_func(Object(Closure), Object(Illuminate\Http\Request))
#7 [internal function]: Illuminate\Pipeline\Pipeline->Illuminate\Pipeline\{closure}(Object(Illuminate\Http\Request))
#8 /home/psaunders/www/iserveu.ca/laravel/vendor/laravel/framework/src/Illuminate/Pipeline/Pipeline.php(101): call_user_func(Object(Closure), Object(Illuminate\Http\Request))
#9 /home/psaunders/www/iserveu.ca/laravel/vendor/laravel/framework/src/Illuminate/Routing/ControllerDispatcher.php(108): Illuminate\Pipeline\Pipeline->then(Object(Closure))
#10 /home/psaunders/www/iserveu.ca/laravel/vendor/laravel/framework/src/Illuminate/Routing/ControllerDispatcher.php(67): Illuminate\Routing\ControllerDispatcher->callWithinStack(Object(App\Http\Controllers\UserController), Object(Illuminate\Routing\Route), Object(Illuminate\Http\Request), 'index')
#11 /home/psaunders/www/iserveu.ca/laravel/vendor/laravel/framework/src/Illuminate/Routing/Route.php(198): Illuminate\Routing\ControllerDispatcher->dispatch(Object(Illuminate\Routing\Route), Object(Illuminate\Http\Request), 'App\Http\Contro...', 'index')
#12 /home/psaunders/www/iserveu.ca/laravel/vendor/laravel/framework/src/Illuminate/Routing/Route.php(131): Illuminate\Routing\Route->runWithCustomDispatcher(Object(Illuminate\Http\Request))
#13 /home/psaunders/www/iserveu.ca/laravel/vendor/laravel/framework/src/Illuminate/Routing/Router.php(692): Illuminate\Routing\Route->run(Object(Illuminate\Http\Request))
#14 [internal function]: Illuminate\Routing\Router->Illuminate\Routing\{closure}(Object(Illuminate\Http\Request))
#15 /home/psaunders/www/iserveu.ca/laravel/vendor/laravel/framework/src/Illuminate/Pipeline/Pipeline.php(141): call_user_func(Object(Closure), Object(Illuminate\Http\Request))
#16 [internal function]: Illuminate\Pipeline\Pipeline->Illuminate\Pipeline\{closure}(Object(Illuminate\Http\Request))
#17 /home/psaunders/www/iserveu.ca/laravel/vendor/laravel/framework/src/Illuminate/Pipeline/Pipeline.php(101): call_user_func(Object(Closure), Object(Illuminate\Http\Request))
#18 /home/psaunders/www/iserveu.ca/laravel/vendor/laravel/framework/src/Illuminate/Routing/Router.php(694): Illuminate\Pipeline\Pipeline->then(Object(Closure))
#19 /home/psaunders/www/iserveu.ca/laravel/vendor/laravel/framework/src/Illuminate/Routing/Router.php(661): Illuminate\Routing\Router->runRouteWithinStack(Object(Illuminate\Routing\Route), Object(Illuminate\Http\Request))
#20 /home/psaunders/www/iserveu.ca/laravel/vendor/laravel/framework/src/Illuminate/Routing/Router.php(619): Illuminate\Routing\Router->dispatchToRoute(Object(Illuminate\Http\Request))
#21 /home/psaunders/www/iserveu.ca/laravel/vendor/laravel/framework/src/Illuminate/Foundation/Http/Kernel.php(214): Illuminate\Routing\Router->dispatch(Object(Illuminate\Http\Request))
#22 [internal function]: Illuminate\Foundation\Http\Kernel->Illuminate\Foundation\Http\{closure}(Object(Illuminate\Http\Request))
#23 /home/psaunders/www/iserveu.ca/laravel/vendor/laravel/framework/src/Illuminate/Pipeline/Pipeline.php(141): call_user_func(Object(Closure), Object(Illuminate\Http\Request))
#24 /home/psaunders/www/iserveu.ca/laravel/vendor/laravel/framework/src/Illuminate/Foundation/Http/Middleware/VerifyCsrfToken.php(43): Illuminate\Pipeline\Pipeline->Illuminate\Pipeline\{closure}(Object(Illuminate\Http\Request))
#25 /home/psaunders/www/iserveu.ca/laravel/app/Http/Middleware/VerifyCsrfToken.php(17): Illuminate\Foundation\Http\Middleware\VerifyCsrfToken->handle(Object(Illuminate\Http\Request), Object(Closure))
#26 /home/psaunders/www/iserveu.ca/laravel/vendor/laravel/framework/src/Illuminate/Pipeline/Pipeline.php(125): App\Http\Middleware\VerifyCsrfToken->handle(Object(Illuminate\Http\Request), Object(Closure))
#27 /home/psaunders/www/iserveu.ca/laravel/vendor/laravel/framework/src/Illuminate/View/Middleware/ShareErrorsFromSession.php(55): Illuminate\Pipeline\Pipeline->Illuminate\Pipeline\{closure}(Object(Illuminate\Http\Request))
#28 /home/psaunders/www/iserveu.ca/laravel/vendor/laravel/framework/src/Illuminate/Pipeline/Pipeline.php(125): Illuminate\View\Middleware\ShareErrorsFromSession->handle(Object(Illuminate\Http\Request), Object(Closure))
#29 /home/psaunders/www/iserveu.ca/laravel/vendor/laravel/framework/src/Illuminate/Session/Middleware/StartSession.php(61): Illuminate\Pipeline\Pipeline->Illuminate\Pipeline\{closure}(Object(Illuminate\Http\Request))
#30 /home/psaunders/www/iserveu.ca/laravel/vendor/laravel/framework/src/Illuminate/Pipeline/Pipeline.php(125): Illuminate\Session\Middleware\StartSession->handle(Object(Illuminate\Http\Request), Object(Closure))
#31 /home/psaunders/www/iserveu.ca/laravel/vendor/laravel/framework/src/Illuminate/Cookie/Middleware/AddQueuedCookiesToResponse.php(36): Illuminate\Pipeline\Pipeline->Illuminate\Pipeline\{closure}(Object(Illuminate\Http\Request))
#32 /home/psaunders/www/iserveu.ca/laravel/vendor/laravel/framework/src/Illuminate/Pipeline/Pipeline.php(125): Illuminate\Cookie\Middleware\AddQueuedCookiesToResponse->handle(Object(Illuminate\Http\Request), Object(Closure))
#33 /home/psaunders/www/iserveu.ca/laravel/vendor/laravel/framework/src/Illuminate/Cookie/Middleware/EncryptCookies.php(40): Illuminate\Pipeline\Pipeline->Illuminate\Pipeline\{closure}(Object(Illuminate\Http\Request))
#34 /home/psaunders/www/iserveu.ca/laravel/vendor/laravel/framework/src/Illuminate/Pipeline/Pipeline.php(125): Illuminate\Cookie\Middleware\EncryptCookies->handle(Object(Illuminate\Http\Request), Object(Closure))
#35 /home/psaunders/www/iserveu.ca/laravel/vendor/laravel/framework/src/Illuminate/Foundation/Http/Middleware/CheckForMaintenanceMode.php(42): Illuminate\Pipeline\Pipeline->Illuminate\Pipeline\{closure}(Object(Illuminate\Http\Request))
#36 /home/psaunders/www/iserveu.ca/laravel/vendor/laravel/framework/src/Illuminate/Pipeline/Pipeline.php(125): Illuminate\Foundation\Http\Middleware\CheckForMaintenanceMode->handle(Object(Illuminate\Http\Request), Object(Closure))
#37 [internal function]: Illuminate\Pipeline\Pipeline->Illuminate\Pipeline\{closure}(Object(Illuminate\Http\Request))
#38 /home/psaunders/www/iserveu.ca/laravel/vendor/laravel/framework/src/Illuminate/Pipeline/Pipeline.php(101): call_user_func(Object(Closure), Object(Illuminate\Http\Request))
#39 /home/psaunders/www/iserveu.ca/laravel/vendor/laravel/framework/src/Illuminate/Foundation/Http/Kernel.php(115): Illuminate\Pipeline\Pipeline->then(Object(Closure))
#40 /home/psaunders/www/iserveu.ca/laravel/vendor/laravel/framework/src/Illuminate/Foundation/Http/Kernel.php(84): Illuminate\Foundation\Http\Kernel->sendRequestThroughRouter(Object(Illuminate\Http\Request))
#41 /home/psaunders/www/iserveu.ca/laravel/public/index.php(53): Illuminate\Foundation\Http\Kernel->handle(Object(Illuminate\Http\Request))
#42 {main}  
[2015-04-13 06:22:29] local.ERROR: exception 'Symfony\Component\Debug\Exception\FatalErrorException' with message 'Class 'App\Http\Controllers\Auth' not found' in /home/psaunders/www/iserveu.ca/laravel/app/Http/Controllers/UserController.php:49
Stack trace:
#0 {main}  
[2015-04-13 06:22:58] local.ERROR: exception 'Symfony\Component\Debug\Exception\FatalErrorException' with message 'Call to a member function can() on a non-object' in /home/psaunders/www/iserveu.ca/laravel/app/Http/Controllers/UserController.php:50
Stack trace:
#0 {main}  
[2015-04-13 06:24:37] local.ERROR: exception 'ErrorException' with message 'Undefined variable: hasRole' in /home/psaunders/www/iserveu.ca/laravel/app/Http/Controllers/UserController.php:56
Stack trace:
#0 /home/psaunders/www/iserveu.ca/laravel/app/Http/Controllers/UserController.php(56): Illuminate\Foundation\Bootstrap\HandleExceptions->handleError(8, 'Undefined varia...', '/home/psaunders...', 56, Array)
#1 [internal function]: App\Http\Controllers\UserController->index()
#2 /home/psaunders/www/iserveu.ca/laravel/vendor/laravel/framework/src/Illuminate/Routing/Controller.php(246): call_user_func_array(Array, Array)
#3 /home/psaunders/www/iserveu.ca/laravel/vendor/laravel/framework/src/Illuminate/Routing/ControllerDispatcher.php(162): Illuminate\Routing\Controller->callAction('index', Array)
#4 /home/psaunders/www/iserveu.ca/laravel/vendor/laravel/framework/src/Illuminate/Routing/ControllerDispatcher.php(107): Illuminate\Routing\ControllerDispatcher->call(Object(App\Http\Controllers\UserController), Object(Illuminate\Routing\Route), 'index')
#5 [internal function]: Illuminate\Routing\ControllerDispatcher->Illuminate\Routing\{closure}(Object(Illuminate\Http\Request))
#6 /home/psaunders/www/iserveu.ca/laravel/vendor/laravel/framework/src/Illuminate/Pipeline/Pipeline.php(141): call_user_func(Object(Closure), Object(Illuminate\Http\Request))
#7 [internal function]: Illuminate\Pipeline\Pipeline->Illuminate\Pipeline\{closure}(Object(Illuminate\Http\Request))
#8 /home/psaunders/www/iserveu.ca/laravel/vendor/laravel/framework/src/Illuminate/Pipeline/Pipeline.php(101): call_user_func(Object(Closure), Object(Illuminate\Http\Request))
#9 /home/psaunders/www/iserveu.ca/laravel/vendor/laravel/framework/src/Illuminate/Routing/ControllerDispatcher.php(108): Illuminate\Pipeline\Pipeline->then(Object(Closure))
#10 /home/psaunders/www/iserveu.ca/laravel/vendor/laravel/framework/src/Illuminate/Routing/ControllerDispatcher.php(67): Illuminate\Routing\ControllerDispatcher->callWithinStack(Object(App\Http\Controllers\UserController), Object(Illuminate\Routing\Route), Object(Illuminate\Http\Request), 'index')
#11 /home/psaunders/www/iserveu.ca/laravel/vendor/laravel/framework/src/Illuminate/Routing/Route.php(198): Illuminate\Routing\ControllerDispatcher->dispatch(Object(Illuminate\Routing\Route), Object(Illuminate\Http\Request), 'App\Http\Contro...', 'index')
#12 /home/psaunders/www/iserveu.ca/laravel/vendor/laravel/framework/src/Illuminate/Routing/Route.php(131): Illuminate\Routing\Route->runWithCustomDispatcher(Object(Illuminate\Http\Request))
#13 /home/psaunders/www/iserveu.ca/laravel/vendor/laravel/framework/src/Illuminate/Routing/Router.php(692): Illuminate\Routing\Route->run(Object(Illuminate\Http\Request))
#14 [internal function]: Illuminate\Routing\Router->Illuminate\Routing\{closure}(Object(Illuminate\Http\Request))
#15 /home/psaunders/www/iserveu.ca/laravel/vendor/laravel/framework/src/Illuminate/Pipeline/Pipeline.php(141): call_user_func(Object(Closure), Object(Illuminate\Http\Request))
#16 [internal function]: Illuminate\Pipeline\Pipeline->Illuminate\Pipeline\{closure}(Object(Illuminate\Http\Request))
#17 /home/psaunders/www/iserveu.ca/laravel/vendor/laravel/framework/src/Illuminate/Pipeline/Pipeline.php(101): call_user_func(Object(Closure), Object(Illuminate\Http\Request))
#18 /home/psaunders/www/iserveu.ca/laravel/vendor/laravel/framework/src/Illuminate/Routing/Router.php(694): Illuminate\Pipeline\Pipeline->then(Object(Closure))
#19 /home/psaunders/www/iserveu.ca/laravel/vendor/laravel/framework/src/Illuminate/Routing/Router.php(661): Illuminate\Routing\Router->runRouteWithinStack(Object(Illuminate\Routing\Route), Object(Illuminate\Http\Request))
#20 /home/psaunders/www/iserveu.ca/laravel/vendor/laravel/framework/src/Illuminate/Routing/Router.php(619): Illuminate\Routing\Router->dispatchToRoute(Object(Illuminate\Http\Request))
#21 /home/psaunders/www/iserveu.ca/laravel/vendor/laravel/framework/src/Illuminate/Foundation/Http/Kernel.php(214): Illuminate\Routing\Router->dispatch(Object(Illuminate\Http\Request))
#22 [internal function]: Illuminate\Foundation\Http\Kernel->Illuminate\Foundation\Http\{closure}(Object(Illuminate\Http\Request))
#23 /home/psaunders/www/iserveu.ca/laravel/vendor/laravel/framework/src/Illuminate/Pipeline/Pipeline.php(141): call_user_func(Object(Closure), Object(Illuminate\Http\Request))
#24 /home/psaunders/www/iserveu.ca/laravel/vendor/laravel/framework/src/Illuminate/Foundation/Http/Middleware/VerifyCsrfToken.php(43): Illuminate\Pipeline\Pipeline->Illuminate\Pipeline\{closure}(Object(Illuminate\Http\Request))
#25 /home/psaunders/www/iserveu.ca/laravel/app/Http/Middleware/VerifyCsrfToken.php(17): Illuminate\Foundation\Http\Middleware\VerifyCsrfToken->handle(Object(Illuminate\Http\Request), Object(Closure))
#26 /home/psaunders/www/iserveu.ca/laravel/vendor/laravel/framework/src/Illuminate/Pipeline/Pipeline.php(125): App\Http\Middleware\VerifyCsrfToken->handle(Object(Illuminate\Http\Request), Object(Closure))
#27 /home/psaunders/www/iserveu.ca/laravel/vendor/laravel/framework/src/Illuminate/View/Middleware/ShareErrorsFromSession.php(55): Illuminate\Pipeline\Pipeline->Illuminate\Pipeline\{closure}(Object(Illuminate\Http\Request))
#28 /home/psaunders/www/iserveu.ca/laravel/vendor/laravel/framework/src/Illuminate/Pipeline/Pipeline.php(125): Illuminate\View\Middleware\ShareErrorsFromSession->handle(Object(Illuminate\Http\Request), Object(Closure))
#29 /home/psaunders/www/iserveu.ca/laravel/vendor/laravel/framework/src/Illuminate/Session/Middleware/StartSession.php(61): Illuminate\Pipeline\Pipeline->Illuminate\Pipeline\{closure}(Object(Illuminate\Http\Request))
#30 /home/psaunders/www/iserveu.ca/laravel/vendor/laravel/framework/src/Illuminate/Pipeline/Pipeline.php(125): Illuminate\Session\Middleware\StartSession->handle(Object(Illuminate\Http\Request), Object(Closure))
#31 /home/psaunders/www/iserveu.ca/laravel/vendor/laravel/framework/src/Illuminate/Cookie/Middleware/AddQueuedCookiesToResponse.php(36): Illuminate\Pipeline\Pipeline->Illuminate\Pipeline\{closure}(Object(Illuminate\Http\Request))
#32 /home/psaunders/www/iserveu.ca/laravel/vendor/laravel/framework/src/Illuminate/Pipeline/Pipeline.php(125): Illuminate\Cookie\Middleware\AddQueuedCookiesToResponse->handle(Object(Illuminate\Http\Request), Object(Closure))
#33 /home/psaunders/www/iserveu.ca/laravel/vendor/laravel/framework/src/Illuminate/Cookie/Middleware/EncryptCookies.php(40): Illuminate\Pipeline\Pipeline->Illuminate\Pipeline\{closure}(Object(Illuminate\Http\Request))
#34 /home/psaunders/www/iserveu.ca/laravel/vendor/laravel/framework/src/Illuminate/Pipeline/Pipeline.php(125): Illuminate\Cookie\Middleware\EncryptCookies->handle(Object(Illuminate\Http\Request), Object(Closure))
#35 /home/psaunders/www/iserveu.ca/laravel/vendor/laravel/framework/src/Illuminate/Foundation/Http/Middleware/CheckForMaintenanceMode.php(42): Illuminate\Pipeline\Pipeline->Illuminate\Pipeline\{closure}(Object(Illuminate\Http\Request))
#36 /home/psaunders/www/iserveu.ca/laravel/vendor/laravel/framework/src/Illuminate/Pipeline/Pipeline.php(125): Illuminate\Foundation\Http\Middleware\CheckForMaintenanceMode->handle(Object(Illuminate\Http\Request), Object(Closure))
#37 [internal function]: Illuminate\Pipeline\Pipeline->Illuminate\Pipeline\{closure}(Object(Illuminate\Http\Request))
#38 /home/psaunders/www/iserveu.ca/laravel/vendor/laravel/framework/src/Illuminate/Pipeline/Pipeline.php(101): call_user_func(Object(Closure), Object(Illuminate\Http\Request))
#39 /home/psaunders/www/iserveu.ca/laravel/vendor/laravel/framework/src/Illuminate/Foundation/Http/Kernel.php(115): Illuminate\Pipeline\Pipeline->then(Object(Closure))
#40 /home/psaunders/www/iserveu.ca/laravel/vendor/laravel/framework/src/Illuminate/Foundation/Http/Kernel.php(84): Illuminate\Foundation\Http\Kernel->sendRequestThroughRouter(Object(Illuminate\Http\Request))
#41 /home/psaunders/www/iserveu.ca/laravel/public/index.php(53): Illuminate\Foundation\Http\Kernel->handle(Object(Illuminate\Http\Request))
#42 {main}  
[2015-04-13 06:25:13] local.ERROR: exception 'Symfony\Component\Debug\Exception\FatalErrorException' with message 'Call to a member function can() on a non-object' in /home/psaunders/www/iserveu.ca/laravel/app/Http/Controllers/UserController.php:51
Stack trace:
#0 {main}  
[2015-04-13 06:25:28] local.ERROR: exception 'Symfony\Component\Debug\Exception\FatalErrorException' with message 'Call to a member function hasRole() on a non-object' in /home/psaunders/www/iserveu.ca/laravel/app/Http/Controllers/UserController.php:51
Stack trace:
#0 {main}  
[2015-04-13 06:30:37] local.ERROR: exception 'Symfony\Component\Debug\Exception\FatalErrorException' with message 'syntax error, unexpected ')', expecting ']'' in /home/psaunders/www/iserveu.ca/laravel/app/Http/Controllers/UserController.php:37
Stack trace:
#0 {main}  
