[2015-05-01 02:27:32] local.ERROR: exception 'PDOException' with message 'SQLSTATE[23000]: Integrity constraint violation: 1062 Duplicate entry 'administrator' for key 'roles_name_unique'' in /home/psaunders/www/iserveu.ca/laravel/vendor/laravel/framework/src/Illuminate/Database/Connection.php:358
Stack trace:
#0 /home/psaunders/www/iserveu.ca/laravel/vendor/laravel/framework/src/Illuminate/Database/Connection.php(358): PDOStatement->execute(Array)
#1 /home/psaunders/www/iserveu.ca/laravel/vendor/laravel/framework/src/Illuminate/Database/Connection.php(612): Illuminate\Database\Connection->Illuminate\Database\{closure}(Object(Illuminate\Database\MySqlConnection), 'insert into `ro...', Array)
#2 /home/psaunders/www/iserveu.ca/laravel/vendor/laravel/framework/src/Illuminate/Database/Connection.php(576): Illuminate\Database\Connection->runQueryCallback('insert into `ro...', Array, Object(Closure))
#3 /home/psaunders/www/iserveu.ca/laravel/vendor/laravel/framework/src/Illuminate/Database/Connection.php(359): Illuminate\Database\Connection->run('insert into `ro...', Array, Object(Closure))
#4 /home/psaunders/www/iserveu.ca/laravel/vendor/laravel/framework/src/Illuminate/Database/Connection.php(316): Illuminate\Database\Connection->statement('insert into `ro...', Array)
#5 /home/psaunders/www/iserveu.ca/laravel/vendor/laravel/framework/src/Illuminate/Database/Query/Processors/Processor.php(30): Illuminate\Database\Connection->insert('insert into `ro...', Array)
#6 /home/psaunders/www/iserveu.ca/laravel/vendor/laravel/framework/src/Illuminate/Database/Query/Builder.php(1718): Illuminate\Database\Query\Processors\Processor->processInsertGetId(Object(Illuminate\Database\Query\Builder), 'insert into `ro...', Array, 'id')
#7 [internal function]: Illuminate\Database\Query\Builder->insertGetId(Array, 'id')
#8 /home/psaunders/www/iserveu.ca/laravel/vendor/laravel/framework/src/Illuminate/Database/Eloquent/Builder.php(933): call_user_func_array(Array, Array)
#9 /home/psaunders/www/iserveu.ca/laravel/vendor/laravel/framework/src/Illuminate/Database/Eloquent/Model.php(1608): Illuminate\Database\Eloquent\Builder->__call('insertGetId', Array)
#10 /home/psaunders/www/iserveu.ca/laravel/vendor/laravel/framework/src/Illuminate/Database/Eloquent/Model.php(1608): Illuminate\Database\Eloquent\Builder->insertGetId(Array, 'id')
#11 /home/psaunders/www/iserveu.ca/laravel/vendor/laravel/framework/src/Illuminate/Database/Eloquent/Model.php(1578): Illuminate\Database\Eloquent\Model->insertAndSetId(Object(Illuminate\Database\Eloquent\Builder), Array)
#12 /home/psaunders/www/iserveu.ca/laravel/vendor/laravel/framework/src/Illuminate/Database/Eloquent/Model.php(1484): Illuminate\Database\Eloquent\Model->performInsert(Object(Illuminate\Database\Eloquent\Builder), Array)
#13 /home/psaunders/www/iserveu.ca/laravel/database/seeds/DatabaseSeeder.php(202): Illuminate\Database\Eloquent\Model->save()
#14 /home/psaunders/www/iserveu.ca/laravel/vendor/laravel/framework/src/Illuminate/Database/Seeder.php(37): DefaultUsers->run()
#15 /home/psaunders/www/iserveu.ca/laravel/database/seeds/DatabaseSeeder.php(43): Illuminate\Database\Seeder->call('DefaultUsers')
#16 /home/psaunders/www/iserveu.ca/laravel/vendor/laravel/framework/src/Illuminate/Database/Console/SeedCommand.php(57): DatabaseSeeder->run()
#17 [internal function]: Illuminate\Database\Console\SeedCommand->fire()
#18 /home/psaunders/www/iserveu.ca/laravel/vendor/laravel/framework/src/Illuminate/Container/Container.php(523): call_user_func_array(Array, Array)
#19 /home/psaunders/www/iserveu.ca/laravel/vendor/laravel/framework/src/Illuminate/Console/Command.php(115): Illuminate\Container\Container->call(Array)
#20 /home/psaunders/www/iserveu.ca/laravel/vendor/symfony/console/Symfony/Component/Console/Command/Command.php(257): Illuminate\Console\Command->execute(Object(Symfony\Component\Console\Input\ArgvInput), Object(Symfony\Component\Console\Output\ConsoleOutput))
#21 /home/psaunders/www/iserveu.ca/laravel/vendor/laravel/framework/src/Illuminate/Console/Command.php(101): Symfony\Component\Console\Command\Command->run(Object(Symfony\Component\Console\Input\ArgvInput), Object(Symfony\Component\Console\Output\ConsoleOutput))
#22 /home/psaunders/www/iserveu.ca/laravel/vendor/symfony/console/Symfony/Component/Console/Application.php(874): Illuminate\Console\Command->run(Object(Symfony\Component\Console\Input\ArgvInput), Object(Symfony\Component\Console\Output\ConsoleOutput))
#23 /home/psaunders/www/iserveu.ca/laravel/vendor/symfony/console/Symfony/Component/Console/Application.php(195): Symfony\Component\Console\Application->doRunCommand(Object(Illuminate\Database\Console\SeedCommand), Object(Symfony\Component\Console\Input\ArgvInput), Object(Symfony\Component\Console\Output\ConsoleOutput))
#24 /home/psaunders/www/iserveu.ca/laravel/vendor/symfony/console/Symfony/Component/Console/Application.php(126): Symfony\Component\Console\Application->doRun(Object(Symfony\Component\Console\Input\ArgvInput), Object(Symfony\Component\Console\Output\ConsoleOutput))
#25 /home/psaunders/www/iserveu.ca/laravel/vendor/laravel/framework/src/Illuminate/Foundation/Console/Kernel.php(94): Symfony\Component\Console\Application->run(Object(Symfony\Component\Console\Input\ArgvInput), Object(Symfony\Component\Console\Output\ConsoleOutput))
#26 /home/psaunders/www/iserveu.ca/laravel/artisan(36): Illuminate\Foundation\Console\Kernel->handle(Object(Symfony\Component\Console\Input\ArgvInput), Object(Symfony\Component\Console\Output\ConsoleOutput))
#27 {main}

Next exception 'Illuminate\Database\QueryException' with message 'SQLSTATE[23000]: Integrity constraint violation: 1062 Duplicate entry 'administrator' for key 'roles_name_unique' (SQL: insert into `roles` (`name`, `display_name`, `description`, `updated_at`, `created_at`) values (administrator, Full Administrator, User is able to perform all database functions, 2015-05-01 02:27:32, 2015-05-01 02:27:32))' in /home/psaunders/www/iserveu.ca/laravel/vendor/laravel/framework/src/Illuminate/Database/Connection.php:620
Stack trace:
#0 /home/psaunders/www/iserveu.ca/laravel/vendor/laravel/framework/src/Illuminate/Database/Connection.php(576): Illuminate\Database\Connection->runQueryCallback('insert into `ro...', Array, Object(Closure))
#1 /home/psaunders/www/iserveu.ca/laravel/vendor/laravel/framework/src/Illuminate/Database/Connection.php(359): Illuminate\Database\Connection->run('insert into `ro...', Array, Object(Closure))
#2 /home/psaunders/www/iserveu.ca/laravel/vendor/laravel/framework/src/Illuminate/Database/Connection.php(316): Illuminate\Database\Connection->statement('insert into `ro...', Array)
#3 /home/psaunders/www/iserveu.ca/laravel/vendor/laravel/framework/src/Illuminate/Database/Query/Processors/Processor.php(30): Illuminate\Database\Connection->insert('insert into `ro...', Array)
#4 /home/psaunders/www/iserveu.ca/laravel/vendor/laravel/framework/src/Illuminate/Database/Query/Builder.php(1718): Illuminate\Database\Query\Processors\Processor->processInsertGetId(Object(Illuminate\Database\Query\Builder), 'insert into `ro...', Array, 'id')
#5 [internal function]: Illuminate\Database\Query\Builder->insertGetId(Array, 'id')
#6 /home/psaunders/www/iserveu.ca/laravel/vendor/laravel/framework/src/Illuminate/Database/Eloquent/Builder.php(933): call_user_func_array(Array, Array)
#7 /home/psaunders/www/iserveu.ca/laravel/vendor/laravel/framework/src/Illuminate/Database/Eloquent/Model.php(1608): Illuminate\Database\Eloquent\Builder->__call('insertGetId', Array)
#8 /home/psaunders/www/iserveu.ca/laravel/vendor/laravel/framework/src/Illuminate/Database/Eloquent/Model.php(1608): Illuminate\Database\Eloquent\Builder->insertGetId(Array, 'id')
#9 /home/psaunders/www/iserveu.ca/laravel/vendor/laravel/framework/src/Illuminate/Database/Eloquent/Model.php(1578): Illuminate\Database\Eloquent\Model->insertAndSetId(Object(Illuminate\Database\Eloquent\Builder), Array)
#10 /home/psaunders/www/iserveu.ca/laravel/vendor/laravel/framework/src/Illuminate/Database/Eloquent/Model.php(1484): Illuminate\Database\Eloquent\Model->performInsert(Object(Illuminate\Database\Eloquent\Builder), Array)
#11 /home/psaunders/www/iserveu.ca/laravel/database/seeds/DatabaseSeeder.php(202): Illuminate\Database\Eloquent\Model->save()
#12 /home/psaunders/www/iserveu.ca/laravel/vendor/laravel/framework/src/Illuminate/Database/Seeder.php(37): DefaultUsers->run()
#13 /home/psaunders/www/iserveu.ca/laravel/database/seeds/DatabaseSeeder.php(43): Illuminate\Database\Seeder->call('DefaultUsers')
#14 /home/psaunders/www/iserveu.ca/laravel/vendor/laravel/framework/src/Illuminate/Database/Console/SeedCommand.php(57): DatabaseSeeder->run()
#15 [internal function]: Illuminate\Database\Console\SeedCommand->fire()
#16 /home/psaunders/www/iserveu.ca/laravel/vendor/laravel/framework/src/Illuminate/Container/Container.php(523): call_user_func_array(Array, Array)
#17 /home/psaunders/www/iserveu.ca/laravel/vendor/laravel/framework/src/Illuminate/Console/Command.php(115): Illuminate\Container\Container->call(Array)
#18 /home/psaunders/www/iserveu.ca/laravel/vendor/symfony/console/Symfony/Component/Console/Command/Command.php(257): Illuminate\Console\Command->execute(Object(Symfony\Component\Console\Input\ArgvInput), Object(Symfony\Component\Console\Output\ConsoleOutput))
#19 /home/psaunders/www/iserveu.ca/laravel/vendor/laravel/framework/src/Illuminate/Console/Command.php(101): Symfony\Component\Console\Command\Command->run(Object(Symfony\Component\Console\Input\ArgvInput), Object(Symfony\Component\Console\Output\ConsoleOutput))
#20 /home/psaunders/www/iserveu.ca/laravel/vendor/symfony/console/Symfony/Component/Console/Application.php(874): Illuminate\Console\Command->run(Object(Symfony\Component\Console\Input\ArgvInput), Object(Symfony\Component\Console\Output\ConsoleOutput))
#21 /home/psaunders/www/iserveu.ca/laravel/vendor/symfony/console/Symfony/Component/Console/Application.php(195): Symfony\Component\Console\Application->doRunCommand(Object(Illuminate\Database\Console\SeedCommand), Object(Symfony\Component\Console\Input\ArgvInput), Object(Symfony\Component\Console\Output\ConsoleOutput))
#22 /home/psaunders/www/iserveu.ca/laravel/vendor/symfony/console/Symfony/Component/Console/Application.php(126): Symfony\Component\Console\Application->doRun(Object(Symfony\Component\Console\Input\ArgvInput), Object(Symfony\Component\Console\Output\ConsoleOutput))
#23 /home/psaunders/www/iserveu.ca/laravel/vendor/laravel/framework/src/Illuminate/Foundation/Console/Kernel.php(94): Symfony\Component\Console\Application->run(Object(Symfony\Component\Console\Input\ArgvInput), Object(Symfony\Component\Console\Output\ConsoleOutput))
#24 /home/psaunders/www/iserveu.ca/laravel/artisan(36): Illuminate\Foundation\Console\Kernel->handle(Object(Symfony\Component\Console\Input\ArgvInput), Object(Symfony\Component\Console\Output\ConsoleOutput))
#25 {main}  
